[0.018s] Invoking command in '/home/sun/Documents/Course/ESE615/Project/build/opponent_predictor': CMAKE_PREFIX_PATH=${CMAKE_PREFIX_PATH}:/opt/ros/foxy /usr/bin/cmake --build /home/sun/Documents/Course/ESE615/Project/build/opponent_predictor -- -j8 -l8
[0.064s] -- Found ament_cmake: 0.9.9 (/opt/ros/foxy/share/ament_cmake/cmake)
[0.083s] -- Using PYTHON_EXECUTABLE: /usr/bin/python3
[0.261s] -- Override CMake install command with custom implementation using symlinks instead of copying resources
[0.272s] -- Found rclcpp: 2.4.1 (/opt/ros/foxy/share/rclcpp/cmake)
[0.307s] -- Using all available rosidl_typesupport_c: rosidl_typesupport_fastrtps_c;rosidl_typesupport_introspection_c
[0.311s] -- Found rosidl_adapter: 1.2.1 (/opt/ros/foxy/share/rosidl_adapter/cmake)
[0.406s] -- Using all available rosidl_typesupport_cpp: rosidl_typesupport_fastrtps_cpp;rosidl_typesupport_introspection_cpp
[0.449s] -- Found rmw_implementation_cmake: 1.0.3 (/opt/ros/foxy/share/rmw_implementation_cmake/cmake)
[0.450s] -- Using RMW implementation 'rmw_fastrtps_cpp' as default
[0.568s] -- Found rclpy: 1.0.8 (/opt/ros/foxy/share/rclpy/cmake)
[0.568s] -- Found geometry_msgs: 2.0.5 (/opt/ros/foxy/share/geometry_msgs/cmake)
[0.595s] -- Found nav_msgs: 2.0.5 (/opt/ros/foxy/share/nav_msgs/cmake)
[0.652s] -- Found ackermann_msgs: 2.0.2 (/opt/ros/foxy/share/ackermann_msgs/cmake)
[0.679s] -- Found sensor_msgs: 2.0.5 (/opt/ros/foxy/share/sensor_msgs/cmake)
[0.739s] -- Found ament_lint_auto: 0.9.6 (/opt/ros/foxy/share/ament_lint_auto/cmake)
[0.832s] -- Added test 'copyright' to check source files copyright and LICENSE
[0.834s] -- Added test 'cppcheck' to perform static code analysis on C / C++ code
[0.834s] -- Configured cppcheck include dirs: /home/sun/Documents/Course/ESE615/Project/src/opponent_predictor/include
[0.834s] -- Configured cppcheck exclude dirs and/or files: 
[0.835s] -- Added test 'cpplint' to check C / C++ code against the Google style
[0.835s] -- Configured cpplint exclude dirs and/or files: 
[0.835s] -- Added test 'flake8' to check Python code syntax and style conventions
[0.836s] -- Added test 'lint_cmake' to check CMake code style
[0.836s] -- Added test 'pep257' to check Python code against some of the style conventions in PEP 257
[0.837s] -- Added test 'uncrustify' to check C / C++ code style
[0.838s] -- Configured uncrustify additional arguments: 
[0.838s] -- Added test 'xmllint' to check XML markup files
[0.840s] -- Configuring done
[0.850s] -- Generating done
[0.851s] -- Build files have been written to: /home/sun/Documents/Course/ESE615/Project/build/opponent_predictor
[0.884s] [100%] Built target opponent_predictor_node
[0.894s] Invoked command in '/home/sun/Documents/Course/ESE615/Project/build/opponent_predictor' returned '0': CMAKE_PREFIX_PATH=${CMAKE_PREFIX_PATH}:/opt/ros/foxy /usr/bin/cmake --build /home/sun/Documents/Course/ESE615/Project/build/opponent_predictor -- -j8 -l8
[0.910s] Invoking command in '/home/sun/Documents/Course/ESE615/Project/build/opponent_predictor': CMAKE_PREFIX_PATH=${CMAKE_PREFIX_PATH}:/opt/ros/foxy /usr/bin/cmake --install /home/sun/Documents/Course/ESE615/Project/build/opponent_predictor
[0.916s] -- Install configuration: ""
[0.916s] -- Execute custom install script
[0.917s] -- Up-to-date symlink: /home/sun/Documents/Course/ESE615/Project/install/opponent_predictor/lib/opponent_predictor/opponent_predictor_node
[0.917s] -- Up-to-date symlink: /home/sun/Documents/Course/ESE615/Project/install/opponent_predictor/share/opponent_predictor/environment/pythonpath.sh
[0.917s] -- Up-to-date symlink: /home/sun/Documents/Course/ESE615/Project/install/opponent_predictor/share/opponent_predictor/environment/pythonpath.dsv
[0.918s] -- Up-to-date symlink: /home/sun/Documents/Course/ESE615/Project/install/opponent_predictor/lib/python3.8/site-packages/opponent_predictor/__init__.py
[0.918s] -- Up-to-date symlink: /home/sun/Documents/Course/ESE615/Project/install/opponent_predictor/lib/opponent_predictor/opponent_predictor_node.py
[0.918s] -- Up-to-date symlink: /home/sun/Documents/Course/ESE615/Project/install/opponent_predictor/share/ament_index/resource_index/package_run_dependencies/opponent_predictor
[0.919s] -- Up-to-date symlink: /home/sun/Documents/Course/ESE615/Project/install/opponent_predictor/share/ament_index/resource_index/parent_prefix_path/opponent_predictor
[0.919s] -- Up-to-date symlink: /home/sun/Documents/Course/ESE615/Project/install/opponent_predictor/share/opponent_predictor/environment/ament_prefix_path.sh
[0.919s] -- Up-to-date symlink: /home/sun/Documents/Course/ESE615/Project/install/opponent_predictor/share/opponent_predictor/environment/ament_prefix_path.dsv
[0.919s] -- Up-to-date symlink: /home/sun/Documents/Course/ESE615/Project/install/opponent_predictor/share/opponent_predictor/environment/path.sh
[0.920s] -- Up-to-date symlink: /home/sun/Documents/Course/ESE615/Project/install/opponent_predictor/share/opponent_predictor/environment/path.dsv
[0.920s] -- Up-to-date symlink: /home/sun/Documents/Course/ESE615/Project/install/opponent_predictor/share/opponent_predictor/local_setup.bash
[0.920s] -- Up-to-date symlink: /home/sun/Documents/Course/ESE615/Project/install/opponent_predictor/share/opponent_predictor/local_setup.sh
[0.921s] -- Up-to-date symlink: /home/sun/Documents/Course/ESE615/Project/install/opponent_predictor/share/opponent_predictor/local_setup.zsh
[0.921s] -- Up-to-date symlink: /home/sun/Documents/Course/ESE615/Project/install/opponent_predictor/share/opponent_predictor/local_setup.dsv
[0.921s] -- Symlinking: /home/sun/Documents/Course/ESE615/Project/install/opponent_predictor/share/opponent_predictor/package.dsv
[0.928s] -- Up-to-date symlink: /home/sun/Documents/Course/ESE615/Project/install/opponent_predictor/share/ament_index/resource_index/packages/opponent_predictor
[0.928s] -- Up-to-date symlink: /home/sun/Documents/Course/ESE615/Project/install/opponent_predictor/share/opponent_predictor/cmake/opponent_predictorConfig.cmake
[0.929s] -- Up-to-date symlink: /home/sun/Documents/Course/ESE615/Project/install/opponent_predictor/share/opponent_predictor/cmake/opponent_predictorConfig-version.cmake
[0.929s] -- Up-to-date symlink: /home/sun/Documents/Course/ESE615/Project/install/opponent_predictor/share/opponent_predictor/package.xml
[0.953s] Listing '/home/sun/Documents/Course/ESE615/Project/install/opponent_predictor/lib/python3.8/site-packages/opponent_predictor'...
[0.957s] Invoked command in '/home/sun/Documents/Course/ESE615/Project/build/opponent_predictor' returned '0': CMAKE_PREFIX_PATH=${CMAKE_PREFIX_PATH}:/opt/ros/foxy /usr/bin/cmake --install /home/sun/Documents/Course/ESE615/Project/build/opponent_predictor
