[0.022s] Invoking command in '/home/sun/Documents/Course/ESE615/Project/build/pure_pursuit': CMAKE_PREFIX_PATH=${CMAKE_PREFIX_PATH}:/opt/ros/foxy /usr/bin/cmake /home/sun/Documents/Course/ESE615/Project/src/pure_pursuit -DAMENT_CMAKE_SYMLINK_INSTALL=1 -DCMAKE_INSTALL_PREFIX=/home/sun/Documents/Course/ESE615/Project/install/pure_pursuit
[0.034s] -- Found ament_cmake: 0.9.9 (/opt/ros/foxy/share/ament_cmake/cmake)
[0.056s] -- Using PYTHON_EXECUTABLE: /usr/bin/python3
[0.245s] -- Override CMake install command with custom implementation using symlinks instead of copying resources
[0.258s] -- Found rclcpp: 2.4.1 (/opt/ros/foxy/share/rclcpp/cmake)
[0.292s] -- Using all available rosidl_typesupport_c: rosidl_typesupport_fastrtps_c;rosidl_typesupport_introspection_c
[0.303s] -- Found rosidl_adapter: 1.2.1 (/opt/ros/foxy/share/rosidl_adapter/cmake)
[0.405s] -- Using all available rosidl_typesupport_cpp: rosidl_typesupport_fastrtps_cpp;rosidl_typesupport_introspection_cpp
[0.444s] -- Found rmw_implementation_cmake: 1.0.3 (/opt/ros/foxy/share/rmw_implementation_cmake/cmake)
[0.445s] -- Using RMW implementation 'rmw_fastrtps_cpp' as default
[0.567s] -- Found rclpy: 1.0.8 (/opt/ros/foxy/share/rclpy/cmake)
[0.568s] -- Found geometry_msgs: 2.0.5 (/opt/ros/foxy/share/geometry_msgs/cmake)
[0.606s] -- Found nav_msgs: 2.0.5 (/opt/ros/foxy/share/nav_msgs/cmake)
[0.664s] -- Found ackermann_msgs: 2.0.2 (/opt/ros/foxy/share/ackermann_msgs/cmake)
[0.690s] -- Found sensor_msgs: 2.0.5 (/opt/ros/foxy/share/sensor_msgs/cmake)
[0.746s] -- Found visualization_msgs: 2.0.5 (/opt/ros/foxy/share/visualization_msgs/cmake)
[0.807s] -- Found tf2_ros: 0.13.13 (/opt/ros/foxy/share/tf2_ros/cmake)
[1.095s] -- Found ament_lint_auto: 0.9.6 (/opt/ros/foxy/share/ament_lint_auto/cmake)
[1.191s] -- Added test 'copyright' to check source files copyright and LICENSE
[1.192s] -- Added test 'cppcheck' to perform static code analysis on C / C++ code
[1.192s] -- Configured cppcheck include dirs: /home/sun/Documents/Course/ESE615/Project/src/pure_pursuit/include
[1.193s] -- Configured cppcheck exclude dirs and/or files: 
[1.194s] -- Added test 'cpplint' to check C / C++ code against the Google style
[1.194s] -- Configured cpplint exclude dirs and/or files: 
[1.194s] -- Added test 'flake8' to check Python code syntax and style conventions
[1.194s] -- Added test 'lint_cmake' to check CMake code style
[1.195s] -- Added test 'pep257' to check Python code against some of the style conventions in PEP 257
[1.196s] -- Added test 'uncrustify' to check C / C++ code style
[1.196s] -- Configured uncrustify additional arguments: 
[1.196s] -- Added test 'xmllint' to check XML markup files
[1.199s] -- Configuring done
[1.213s] -- Generating done
[1.216s] -- Build files have been written to: /home/sun/Documents/Course/ESE615/Project/build/pure_pursuit
[1.221s] Invoked command in '/home/sun/Documents/Course/ESE615/Project/build/pure_pursuit' returned '0': CMAKE_PREFIX_PATH=${CMAKE_PREFIX_PATH}:/opt/ros/foxy /usr/bin/cmake /home/sun/Documents/Course/ESE615/Project/src/pure_pursuit -DAMENT_CMAKE_SYMLINK_INSTALL=1 -DCMAKE_INSTALL_PREFIX=/home/sun/Documents/Course/ESE615/Project/install/pure_pursuit
[1.223s] Invoking command in '/home/sun/Documents/Course/ESE615/Project/build/pure_pursuit': CMAKE_PREFIX_PATH=${CMAKE_PREFIX_PATH}:/opt/ros/foxy /usr/bin/cmake --build /home/sun/Documents/Course/ESE615/Project/build/pure_pursuit -- -j8 -l8
[1.271s] [100%] Built target pure_pursuit_node
[1.280s] Invoked command in '/home/sun/Documents/Course/ESE615/Project/build/pure_pursuit' returned '0': CMAKE_PREFIX_PATH=${CMAKE_PREFIX_PATH}:/opt/ros/foxy /usr/bin/cmake --build /home/sun/Documents/Course/ESE615/Project/build/pure_pursuit -- -j8 -l8
[1.302s] Invoking command in '/home/sun/Documents/Course/ESE615/Project/build/pure_pursuit': CMAKE_PREFIX_PATH=${CMAKE_PREFIX_PATH}:/opt/ros/foxy /usr/bin/cmake --install /home/sun/Documents/Course/ESE615/Project/build/pure_pursuit
[1.315s] -- Install configuration: ""
[1.317s] -- Execute custom install script
[1.317s] -- Up-to-date symlink: /home/sun/Documents/Course/ESE615/Project/install/pure_pursuit/lib/pure_pursuit/pure_pursuit_node
[1.317s] -- Up-to-date symlink: /home/sun/Documents/Course/ESE615/Project/install/pure_pursuit/share/pure_pursuit/environment/pythonpath.sh
[1.317s] -- Up-to-date symlink: /home/sun/Documents/Course/ESE615/Project/install/pure_pursuit/share/pure_pursuit/environment/pythonpath.dsv
[1.317s] -- Up-to-date symlink: /home/sun/Documents/Course/ESE615/Project/install/pure_pursuit/lib/python3.8/site-packages/pure_pursuit/__init__.py
[1.317s] -- Up-to-date symlink: /home/sun/Documents/Course/ESE615/Project/install/pure_pursuit/lib/pure_pursuit/pure_pursuit_node.py
[1.317s] -- Up-to-date symlink: /home/sun/Documents/Course/ESE615/Project/install/pure_pursuit/share/ament_index/resource_index/package_run_dependencies/pure_pursuit
[1.317s] -- Up-to-date symlink: /home/sun/Documents/Course/ESE615/Project/install/pure_pursuit/share/ament_index/resource_index/parent_prefix_path/pure_pursuit
[1.317s] -- Up-to-date symlink: /home/sun/Documents/Course/ESE615/Project/install/pure_pursuit/share/pure_pursuit/environment/ament_prefix_path.sh
[1.318s] -- Up-to-date symlink: /home/sun/Documents/Course/ESE615/Project/install/pure_pursuit/share/pure_pursuit/environment/ament_prefix_path.dsv
[1.318s] -- Up-to-date symlink: /home/sun/Documents/Course/ESE615/Project/install/pure_pursuit/share/pure_pursuit/environment/path.sh
[1.318s] -- Up-to-date symlink: /home/sun/Documents/Course/ESE615/Project/install/pure_pursuit/share/pure_pursuit/environment/path.dsv
[1.318s] -- Up-to-date symlink: /home/sun/Documents/Course/ESE615/Project/install/pure_pursuit/share/pure_pursuit/local_setup.bash
[1.318s] -- Up-to-date symlink: /home/sun/Documents/Course/ESE615/Project/install/pure_pursuit/share/pure_pursuit/local_setup.sh
[1.318s] -- Up-to-date symlink: /home/sun/Documents/Course/ESE615/Project/install/pure_pursuit/share/pure_pursuit/local_setup.zsh
[1.318s] -- Up-to-date symlink: /home/sun/Documents/Course/ESE615/Project/install/pure_pursuit/share/pure_pursuit/local_setup.dsv
[1.318s] -- Symlinking: /home/sun/Documents/Course/ESE615/Project/install/pure_pursuit/share/pure_pursuit/package.dsv
[1.327s] -- Up-to-date symlink: /home/sun/Documents/Course/ESE615/Project/install/pure_pursuit/share/ament_index/resource_index/packages/pure_pursuit
[1.328s] -- Up-to-date symlink: /home/sun/Documents/Course/ESE615/Project/install/pure_pursuit/share/pure_pursuit/cmake/pure_pursuitConfig.cmake
[1.328s] -- Up-to-date symlink: /home/sun/Documents/Course/ESE615/Project/install/pure_pursuit/share/pure_pursuit/cmake/pure_pursuitConfig-version.cmake
[1.329s] -- Up-to-date symlink: /home/sun/Documents/Course/ESE615/Project/install/pure_pursuit/share/pure_pursuit/package.xml
[1.352s] Listing '/home/sun/Documents/Course/ESE615/Project/install/pure_pursuit/lib/python3.8/site-packages/pure_pursuit'...
[1.363s] Invoked command in '/home/sun/Documents/Course/ESE615/Project/build/pure_pursuit' returned '0': CMAKE_PREFIX_PATH=${CMAKE_PREFIX_PATH}:/opt/ros/foxy /usr/bin/cmake --install /home/sun/Documents/Course/ESE615/Project/build/pure_pursuit
