[0.020s] Invoking command in '/home/sun/Documents/Course/ESE615/Project/build/opponent_predictor': CMAKE_PREFIX_PATH=${CMAKE_PREFIX_PATH}:/opt/ros/foxy /usr/bin/cmake /home/sun/Documents/Course/ESE615/Project/src/opponent_predictor -DCMAKE_EXPORT_COMPILE_COMMANDS=ON -DAMENT_CMAKE_SYMLINK_INSTALL=1 -DCMAKE_INSTALL_PREFIX=/home/sun/Documents/Course/ESE615/Project/install/opponent_predictor
[0.096s] -- The C compiler identification is GNU 9.4.0
[0.143s] -- The CXX compiler identification is GNU 9.4.0
[0.146s] -- Check for working C compiler: /usr/bin/cc
[0.196s] -- Check for working C compiler: /usr/bin/cc -- works
[0.202s] -- Detecting C compiler ABI info
[0.262s] -- Detecting C compiler ABI info - done
[0.271s] -- Detecting C compile features
[0.271s] -- Detecting C compile features - done
[0.273s] -- Check for working CXX compiler: /usr/bin/c++
[0.336s] -- Check for working CXX compiler: /usr/bin/c++ -- works
[0.336s] -- Detecting CXX compiler ABI info
[0.398s] -- Detecting CXX compiler ABI info - done
[0.407s] -- Detecting CXX compile features
[0.407s] -- Detecting CXX compile features - done
[0.413s] -- Found ament_cmake: 0.9.9 (/opt/ros/foxy/share/ament_cmake/cmake)
[0.442s] -- Found PythonInterp: /usr/bin/python3 (found suitable version "3.8.10", minimum required is "3") 
[0.442s] -- Using PYTHON_EXECUTABLE: /usr/bin/python3
[0.618s] -- Override CMake install command with custom implementation using symlinks instead of copying resources
[0.635s] -- Found rclcpp: 2.4.1 (/opt/ros/foxy/share/rclcpp/cmake)
[0.670s] -- Using all available rosidl_typesupport_c: rosidl_typesupport_fastrtps_c;rosidl_typesupport_introspection_c
[0.675s] -- Found rosidl_adapter: 1.2.1 (/opt/ros/foxy/share/rosidl_adapter/cmake)
[0.746s] -- Found OpenSSL: /usr/lib/x86_64-linux-gnu/libcrypto.so (found version "1.1.1f")  
[0.768s] -- Found FastRTPS: /opt/ros/foxy/include  
[0.830s] -- Using all available rosidl_typesupport_cpp: rosidl_typesupport_fastrtps_cpp;rosidl_typesupport_introspection_cpp
[0.874s] -- Found rmw_implementation_cmake: 1.0.3 (/opt/ros/foxy/share/rmw_implementation_cmake/cmake)
[0.875s] -- Using RMW implementation 'rmw_fastrtps_cpp' as default
[0.876s] -- Looking for pthread.h
[0.940s] -- Looking for pthread.h - found
[0.940s] -- Performing Test CMAKE_HAVE_LIBC_PTHREAD
[0.992s] -- Performing Test CMAKE_HAVE_LIBC_PTHREAD - Failed
[0.992s] -- Looking for pthread_create in pthreads
[1.038s] -- Looking for pthread_create in pthreads - not found
[1.038s] -- Looking for pthread_create in pthread
[1.094s] -- Looking for pthread_create in pthread - found
[1.095s] -- Found Threads: TRUE  
[1.218s] -- Found rclpy: 1.0.8 (/opt/ros/foxy/share/rclpy/cmake)
[1.219s] -- Found geometry_msgs: 2.0.5 (/opt/ros/foxy/share/geometry_msgs/cmake)
[1.246s] -- Found nav_msgs: 2.0.5 (/opt/ros/foxy/share/nav_msgs/cmake)
[1.303s] -- Found ackermann_msgs: 2.0.2 (/opt/ros/foxy/share/ackermann_msgs/cmake)
[1.330s] -- Found sensor_msgs: 2.0.5 (/opt/ros/foxy/share/sensor_msgs/cmake)
[1.619s] -- Found ament_lint_auto: 0.9.6 (/opt/ros/foxy/share/ament_lint_auto/cmake)
[1.718s] -- Added test 'copyright' to check source files copyright and LICENSE
[1.719s] -- Added test 'cppcheck' to perform static code analysis on C / C++ code
[1.720s] -- Configured cppcheck include dirs: /home/sun/Documents/Course/ESE615/Project/src/opponent_predictor/include
[1.720s] -- Configured cppcheck exclude dirs and/or files: 
[1.721s] -- Added test 'cpplint' to check C / C++ code against the Google style
[1.721s] -- Configured cpplint exclude dirs and/or files: 
[1.722s] -- Added test 'flake8' to check Python code syntax and style conventions
[1.722s] -- Added test 'lint_cmake' to check CMake code style
[1.723s] -- Added test 'pep257' to check Python code against some of the style conventions in PEP 257
[1.724s] -- Added test 'uncrustify' to check C / C++ code style
[1.724s] -- Configured uncrustify additional arguments: 
[1.725s] -- Added test 'xmllint' to check XML markup files
[1.728s] -- Configuring done
[1.736s] -- Generating done
[1.737s] -- Build files have been written to: /home/sun/Documents/Course/ESE615/Project/build/opponent_predictor
[1.745s] Invoked command in '/home/sun/Documents/Course/ESE615/Project/build/opponent_predictor' returned '0': CMAKE_PREFIX_PATH=${CMAKE_PREFIX_PATH}:/opt/ros/foxy /usr/bin/cmake /home/sun/Documents/Course/ESE615/Project/src/opponent_predictor -DCMAKE_EXPORT_COMPILE_COMMANDS=ON -DAMENT_CMAKE_SYMLINK_INSTALL=1 -DCMAKE_INSTALL_PREFIX=/home/sun/Documents/Course/ESE615/Project/install/opponent_predictor
[1.746s] Invoking command in '/home/sun/Documents/Course/ESE615/Project/build/opponent_predictor': CMAKE_PREFIX_PATH=${CMAKE_PREFIX_PATH}:/opt/ros/foxy /usr/bin/cmake --build /home/sun/Documents/Course/ESE615/Project/build/opponent_predictor -- -j8 -l8
[1.791s] [35m[1mScanning dependencies of target opponent_predictor_node[0m
[1.820s] [ 50%] [32mBuilding CXX object CMakeFiles/opponent_predictor_node.dir/src/opponent_predictor_node.cpp.o[0m
[3.362s] [100%] [32m[1mLinking CXX executable opponent_predictor_node[0m
[3.486s] [100%] Built target opponent_predictor_node
[3.496s] Invoked command in '/home/sun/Documents/Course/ESE615/Project/build/opponent_predictor' returned '0': CMAKE_PREFIX_PATH=${CMAKE_PREFIX_PATH}:/opt/ros/foxy /usr/bin/cmake --build /home/sun/Documents/Course/ESE615/Project/build/opponent_predictor -- -j8 -l8
[3.522s] Invoking command in '/home/sun/Documents/Course/ESE615/Project/build/opponent_predictor': CMAKE_PREFIX_PATH=${CMAKE_PREFIX_PATH}:/opt/ros/foxy /usr/bin/cmake --install /home/sun/Documents/Course/ESE615/Project/build/opponent_predictor
[3.529s] -- Install configuration: ""
[3.529s] -- Execute custom install script
[3.529s] -- Symlinking: /home/sun/Documents/Course/ESE615/Project/install/opponent_predictor/lib/opponent_predictor/opponent_predictor_node
[3.538s] -- Symlinking: /home/sun/Documents/Course/ESE615/Project/install/opponent_predictor/share/opponent_predictor/environment/pythonpath.sh
[3.546s] -- Symlinking: /home/sun/Documents/Course/ESE615/Project/install/opponent_predictor/share/opponent_predictor/environment/pythonpath.dsv
[3.559s] -- Symlinking: /home/sun/Documents/Course/ESE615/Project/install/opponent_predictor/lib/python3.8/site-packages/opponent_predictor/__init__.py
[3.568s] -- Symlinking: /home/sun/Documents/Course/ESE615/Project/install/opponent_predictor/lib/opponent_predictor/opponent_predictor_node.py
[3.577s] -- Symlinking: /home/sun/Documents/Course/ESE615/Project/install/opponent_predictor/share/opponent_predictor/launch/opponent_predictor_launch.py
[3.584s] -- Symlinking: /home/sun/Documents/Course/ESE615/Project/install/opponent_predictor/share/ament_index/resource_index/package_run_dependencies/opponent_predictor
[3.592s] -- Symlinking: /home/sun/Documents/Course/ESE615/Project/install/opponent_predictor/share/ament_index/resource_index/parent_prefix_path/opponent_predictor
[3.599s] -- Symlinking: /home/sun/Documents/Course/ESE615/Project/install/opponent_predictor/share/opponent_predictor/environment/ament_prefix_path.sh
[3.607s] -- Symlinking: /home/sun/Documents/Course/ESE615/Project/install/opponent_predictor/share/opponent_predictor/environment/ament_prefix_path.dsv
[3.615s] -- Symlinking: /home/sun/Documents/Course/ESE615/Project/install/opponent_predictor/share/opponent_predictor/environment/path.sh
[3.623s] -- Symlinking: /home/sun/Documents/Course/ESE615/Project/install/opponent_predictor/share/opponent_predictor/environment/path.dsv
[3.631s] -- Symlinking: /home/sun/Documents/Course/ESE615/Project/install/opponent_predictor/share/opponent_predictor/local_setup.bash
[3.639s] -- Symlinking: /home/sun/Documents/Course/ESE615/Project/install/opponent_predictor/share/opponent_predictor/local_setup.sh
[3.648s] -- Symlinking: /home/sun/Documents/Course/ESE615/Project/install/opponent_predictor/share/opponent_predictor/local_setup.zsh
[3.659s] -- Symlinking: /home/sun/Documents/Course/ESE615/Project/install/opponent_predictor/share/opponent_predictor/local_setup.dsv
[3.665s] -- Symlinking: /home/sun/Documents/Course/ESE615/Project/install/opponent_predictor/share/opponent_predictor/package.dsv
[3.673s] -- Symlinking: /home/sun/Documents/Course/ESE615/Project/install/opponent_predictor/share/ament_index/resource_index/packages/opponent_predictor
[3.681s] -- Symlinking: /home/sun/Documents/Course/ESE615/Project/install/opponent_predictor/share/opponent_predictor/cmake/opponent_predictorConfig.cmake
[3.689s] -- Symlinking: /home/sun/Documents/Course/ESE615/Project/install/opponent_predictor/share/opponent_predictor/cmake/opponent_predictorConfig-version.cmake
[3.697s] -- Symlinking: /home/sun/Documents/Course/ESE615/Project/install/opponent_predictor/share/opponent_predictor/package.xml
[3.734s] Listing '/home/sun/Documents/Course/ESE615/Project/install/opponent_predictor/lib/python3.8/site-packages/opponent_predictor'...
[3.734s] Compiling '/home/sun/Documents/Course/ESE615/Project/install/opponent_predictor/lib/python3.8/site-packages/opponent_predictor/__init__.py'...
[3.741s] Invoked command in '/home/sun/Documents/Course/ESE615/Project/build/opponent_predictor' returned '0': CMAKE_PREFIX_PATH=${CMAKE_PREFIX_PATH}:/opt/ros/foxy /usr/bin/cmake --install /home/sun/Documents/Course/ESE615/Project/build/opponent_predictor
