[0.023s] Invoking command in '/home/sun/Documents/Course/ESE615/Project/build/lane_follow': CMAKE_PREFIX_PATH=${CMAKE_PREFIX_PATH}:/opt/ros/foxy /usr/bin/cmake /home/sun/Documents/Course/ESE615/Project/src/lane_follow -DCMAKE_EXPORT_COMPILE_COMMANDS=ON -DAMENT_CMAKE_SYMLINK_INSTALL=1 -DCMAKE_INSTALL_PREFIX=/home/sun/Documents/Course/ESE615/Project/install/lane_follow
[0.107s] -- The C compiler identification is GNU 9.4.0
[0.161s] -- The CXX compiler identification is GNU 9.4.0
[0.164s] -- Check for working C compiler: /usr/bin/cc
[0.215s] -- Check for working C compiler: /usr/bin/cc -- works
[0.215s] -- Detecting C compiler ABI info
[0.266s] -- Detecting C compiler ABI info - done
[0.274s] -- Detecting C compile features
[0.275s] -- Detecting C compile features - done
[0.276s] -- Check for working CXX compiler: /usr/bin/c++
[0.342s] -- Check for working CXX compiler: /usr/bin/c++ -- works
[0.342s] -- Detecting CXX compiler ABI info
[0.405s] -- Detecting CXX compiler ABI info - done
[0.422s] -- Detecting CXX compile features
[0.423s] -- Detecting CXX compile features - done
[0.424s] -- Found ament_cmake: 0.9.9 (/opt/ros/foxy/share/ament_cmake/cmake)
[0.457s] -- Found PythonInterp: /usr/bin/python3 (found suitable version "3.8.10", minimum required is "3") 
[0.457s] -- Using PYTHON_EXECUTABLE: /usr/bin/python3
[0.659s] -- Override CMake install command with custom implementation using symlinks instead of copying resources
[0.674s] -- Found rclcpp: 2.4.1 (/opt/ros/foxy/share/rclcpp/cmake)
[0.706s] -- Using all available rosidl_typesupport_c: rosidl_typesupport_fastrtps_c;rosidl_typesupport_introspection_c
[0.710s] -- Found rosidl_adapter: 1.2.1 (/opt/ros/foxy/share/rosidl_adapter/cmake)
[0.781s] -- Found OpenSSL: /usr/lib/x86_64-linux-gnu/libcrypto.so (found version "1.1.1f")  
[0.805s] -- Found FastRTPS: /opt/ros/foxy/include  
[0.863s] -- Using all available rosidl_typesupport_cpp: rosidl_typesupport_fastrtps_cpp;rosidl_typesupport_introspection_cpp
[0.906s] -- Found rmw_implementation_cmake: 1.0.3 (/opt/ros/foxy/share/rmw_implementation_cmake/cmake)
[0.907s] -- Using RMW implementation 'rmw_fastrtps_cpp' as default
[0.909s] -- Looking for pthread.h
[0.980s] -- Looking for pthread.h - found
[0.980s] -- Performing Test CMAKE_HAVE_LIBC_PTHREAD
[1.040s] -- Performing Test CMAKE_HAVE_LIBC_PTHREAD - Failed
[1.040s] -- Looking for pthread_create in pthreads
[1.091s] -- Looking for pthread_create in pthreads - not found
[1.091s] -- Looking for pthread_create in pthread
[1.152s] -- Looking for pthread_create in pthread - found
[1.154s] -- Found Threads: TRUE  
[1.274s] -- Found rclpy: 1.0.8 (/opt/ros/foxy/share/rclpy/cmake)
[1.275s] -- Found geometry_msgs: 2.0.5 (/opt/ros/foxy/share/geometry_msgs/cmake)
[1.302s] -- Found nav_msgs: 2.0.5 (/opt/ros/foxy/share/nav_msgs/cmake)
[1.359s] -- Found ackermann_msgs: 2.0.2 (/opt/ros/foxy/share/ackermann_msgs/cmake)
[1.385s] -- Found sensor_msgs: 2.0.5 (/opt/ros/foxy/share/sensor_msgs/cmake)
[1.443s] -- Found visualization_msgs: 2.0.5 (/opt/ros/foxy/share/visualization_msgs/cmake)
[1.501s] -- Found tf2_ros: 0.13.13 (/opt/ros/foxy/share/tf2_ros/cmake)
[2.011s] -- Found ament_lint_auto: 0.9.6 (/opt/ros/foxy/share/ament_lint_auto/cmake)
[2.115s] -- Added test 'copyright' to check source files copyright and LICENSE
[2.121s] -- Added test 'flake8' to check Python code syntax and style conventions
[2.122s] -- Added test 'lint_cmake' to check CMake code style
[2.123s] -- Added test 'pep257' to check Python code against some of the style conventions in PEP 257
[2.123s] -- Added test 'xmllint' to check XML markup files
[2.126s] -- Configuring done
[2.129s] -- Generating done
[2.130s] -- Build files have been written to: /home/sun/Documents/Course/ESE615/Project/build/lane_follow
[2.158s] Invoked command in '/home/sun/Documents/Course/ESE615/Project/build/lane_follow' returned '0': CMAKE_PREFIX_PATH=${CMAKE_PREFIX_PATH}:/opt/ros/foxy /usr/bin/cmake /home/sun/Documents/Course/ESE615/Project/src/lane_follow -DCMAKE_EXPORT_COMPILE_COMMANDS=ON -DAMENT_CMAKE_SYMLINK_INSTALL=1 -DCMAKE_INSTALL_PREFIX=/home/sun/Documents/Course/ESE615/Project/install/lane_follow
[2.161s] Invoking command in '/home/sun/Documents/Course/ESE615/Project/build/lane_follow': CMAKE_PREFIX_PATH=${CMAKE_PREFIX_PATH}:/opt/ros/foxy /usr/bin/cmake --build /home/sun/Documents/Course/ESE615/Project/build/lane_follow -- -j8 -l8
[2.197s] Invoked command in '/home/sun/Documents/Course/ESE615/Project/build/lane_follow' returned '0': CMAKE_PREFIX_PATH=${CMAKE_PREFIX_PATH}:/opt/ros/foxy /usr/bin/cmake --build /home/sun/Documents/Course/ESE615/Project/build/lane_follow -- -j8 -l8
[2.212s] Invoking command in '/home/sun/Documents/Course/ESE615/Project/build/lane_follow': CMAKE_PREFIX_PATH=${CMAKE_PREFIX_PATH}:/opt/ros/foxy /usr/bin/cmake --install /home/sun/Documents/Course/ESE615/Project/build/lane_follow
[2.220s] -- Install configuration: ""
[2.220s] -- Execute custom install script
[2.221s] -- Symlinking: /home/sun/Documents/Course/ESE615/Project/install/lane_follow/share/lane_follow/environment/pythonpath.sh
[2.229s] -- Symlinking: /home/sun/Documents/Course/ESE615/Project/install/lane_follow/share/lane_follow/environment/pythonpath.dsv
[2.237s] -- Symlinking: /home/sun/Documents/Course/ESE615/Project/install/lane_follow/lib/python3.8/site-packages/lane_follow/__init__.py
[2.245s] -- Symlinking: /home/sun/Documents/Course/ESE615/Project/install/lane_follow/lib/lane_follow/lane_follow_node.py
[2.252s] -- Symlinking: /home/sun/Documents/Course/ESE615/Project/install/lane_follow/lib/lane_follow/lane_visualize.py
[2.258s] -- Symlinking: /home/sun/Documents/Course/ESE615/Project/install/lane_follow/share/lane_follow/launch/lane_follow_launch.py
[2.265s] -- Symlinking: /home/sun/Documents/Course/ESE615/Project/install/lane_follow/share/ament_index/resource_index/package_run_dependencies/lane_follow
[2.272s] -- Symlinking: /home/sun/Documents/Course/ESE615/Project/install/lane_follow/share/ament_index/resource_index/parent_prefix_path/lane_follow
[2.280s] -- Symlinking: /home/sun/Documents/Course/ESE615/Project/install/lane_follow/share/lane_follow/environment/ament_prefix_path.sh
[2.287s] -- Symlinking: /home/sun/Documents/Course/ESE615/Project/install/lane_follow/share/lane_follow/environment/ament_prefix_path.dsv
[2.295s] -- Symlinking: /home/sun/Documents/Course/ESE615/Project/install/lane_follow/share/lane_follow/environment/path.sh
[2.302s] -- Symlinking: /home/sun/Documents/Course/ESE615/Project/install/lane_follow/share/lane_follow/environment/path.dsv
[2.311s] -- Symlinking: /home/sun/Documents/Course/ESE615/Project/install/lane_follow/share/lane_follow/local_setup.bash
[2.317s] -- Symlinking: /home/sun/Documents/Course/ESE615/Project/install/lane_follow/share/lane_follow/local_setup.sh
[2.324s] -- Symlinking: /home/sun/Documents/Course/ESE615/Project/install/lane_follow/share/lane_follow/local_setup.zsh
[2.333s] -- Symlinking: /home/sun/Documents/Course/ESE615/Project/install/lane_follow/share/lane_follow/local_setup.dsv
[2.341s] -- Symlinking: /home/sun/Documents/Course/ESE615/Project/install/lane_follow/share/lane_follow/package.dsv
[2.351s] -- Symlinking: /home/sun/Documents/Course/ESE615/Project/install/lane_follow/share/ament_index/resource_index/packages/lane_follow
[2.360s] -- Symlinking: /home/sun/Documents/Course/ESE615/Project/install/lane_follow/share/lane_follow/cmake/lane_followConfig.cmake
[2.369s] -- Symlinking: /home/sun/Documents/Course/ESE615/Project/install/lane_follow/share/lane_follow/cmake/lane_followConfig-version.cmake
[2.378s] -- Symlinking: /home/sun/Documents/Course/ESE615/Project/install/lane_follow/share/lane_follow/package.xml
[2.417s] Listing '/home/sun/Documents/Course/ESE615/Project/install/lane_follow/lib/python3.8/site-packages/lane_follow'...
[2.418s] Compiling '/home/sun/Documents/Course/ESE615/Project/install/lane_follow/lib/python3.8/site-packages/lane_follow/__init__.py'...
[2.433s] Invoked command in '/home/sun/Documents/Course/ESE615/Project/build/lane_follow' returned '0': CMAKE_PREFIX_PATH=${CMAKE_PREFIX_PATH}:/opt/ros/foxy /usr/bin/cmake --install /home/sun/Documents/Course/ESE615/Project/build/lane_follow
