[0.021s] Invoking command in '/home/sun/Documents/Course/ESE615/Project/build/pure_pursuit': CMAKE_PREFIX_PATH=${CMAKE_PREFIX_PATH}:/opt/ros/foxy /usr/bin/cmake --build /home/sun/Documents/Course/ESE615/Project/build/pure_pursuit -- -j8 -l8
[0.079s] [100%] Built target pure_pursuit_node
[0.092s] Invoked command in '/home/sun/Documents/Course/ESE615/Project/build/pure_pursuit' returned '0': CMAKE_PREFIX_PATH=${CMAKE_PREFIX_PATH}:/opt/ros/foxy /usr/bin/cmake --build /home/sun/Documents/Course/ESE615/Project/build/pure_pursuit -- -j8 -l8
[0.111s] Invoking command in '/home/sun/Documents/Course/ESE615/Project/build/pure_pursuit': CMAKE_PREFIX_PATH=${CMAKE_PREFIX_PATH}:/opt/ros/foxy /usr/bin/cmake --install /home/sun/Documents/Course/ESE615/Project/build/pure_pursuit
[0.119s] -- Install configuration: ""
[0.119s] -- Execute custom install script
[0.119s] -- Up-to-date symlink: /home/sun/Documents/Course/ESE615/Project/install/pure_pursuit/lib/pure_pursuit/pure_pursuit_node
[0.120s] -- Up-to-date symlink: /home/sun/Documents/Course/ESE615/Project/install/pure_pursuit/share/pure_pursuit/environment/pythonpath.sh
[0.121s] -- Up-to-date symlink: /home/sun/Documents/Course/ESE615/Project/install/pure_pursuit/share/pure_pursuit/environment/pythonpath.dsv
[0.121s] -- Up-to-date symlink: /home/sun/Documents/Course/ESE615/Project/install/pure_pursuit/lib/python3.8/site-packages/pure_pursuit/__init__.py
[0.121s] -- Up-to-date symlink: /home/sun/Documents/Course/ESE615/Project/install/pure_pursuit/lib/pure_pursuit/pure_pursuit_node.py
[0.121s] -- Up-to-date symlink: /home/sun/Documents/Course/ESE615/Project/install/pure_pursuit/share/ament_index/resource_index/package_run_dependencies/pure_pursuit
[0.121s] -- Up-to-date symlink: /home/sun/Documents/Course/ESE615/Project/install/pure_pursuit/share/ament_index/resource_index/parent_prefix_path/pure_pursuit
[0.122s] -- Up-to-date symlink: /home/sun/Documents/Course/ESE615/Project/install/pure_pursuit/share/pure_pursuit/environment/ament_prefix_path.sh
[0.122s] -- Up-to-date symlink: /home/sun/Documents/Course/ESE615/Project/install/pure_pursuit/share/pure_pursuit/environment/ament_prefix_path.dsv
[0.122s] -- Up-to-date symlink: /home/sun/Documents/Course/ESE615/Project/install/pure_pursuit/share/pure_pursuit/environment/path.sh
[0.122s] -- Up-to-date symlink: /home/sun/Documents/Course/ESE615/Project/install/pure_pursuit/share/pure_pursuit/environment/path.dsv
[0.122s] -- Up-to-date symlink: /home/sun/Documents/Course/ESE615/Project/install/pure_pursuit/share/pure_pursuit/local_setup.bash
[0.122s] -- Up-to-date symlink: /home/sun/Documents/Course/ESE615/Project/install/pure_pursuit/share/pure_pursuit/local_setup.sh
[0.122s] -- Up-to-date symlink: /home/sun/Documents/Course/ESE615/Project/install/pure_pursuit/share/pure_pursuit/local_setup.zsh
[0.122s] -- Up-to-date symlink: /home/sun/Documents/Course/ESE615/Project/install/pure_pursuit/share/pure_pursuit/local_setup.dsv
[0.122s] -- Symlinking: /home/sun/Documents/Course/ESE615/Project/install/pure_pursuit/share/pure_pursuit/package.dsv
[0.130s] -- Up-to-date symlink: /home/sun/Documents/Course/ESE615/Project/install/pure_pursuit/share/ament_index/resource_index/packages/pure_pursuit
[0.130s] -- Up-to-date symlink: /home/sun/Documents/Course/ESE615/Project/install/pure_pursuit/share/pure_pursuit/cmake/pure_pursuitConfig.cmake
[0.132s] -- Up-to-date symlink: /home/sun/Documents/Course/ESE615/Project/install/pure_pursuit/share/pure_pursuit/cmake/pure_pursuitConfig-version.cmake
[0.132s] -- Up-to-date symlink: /home/sun/Documents/Course/ESE615/Project/install/pure_pursuit/share/pure_pursuit/package.xml
[0.155s] Listing '/home/sun/Documents/Course/ESE615/Project/install/pure_pursuit/lib/python3.8/site-packages/pure_pursuit'...
[0.178s] Invoked command in '/home/sun/Documents/Course/ESE615/Project/build/pure_pursuit' returned '0': CMAKE_PREFIX_PATH=${CMAKE_PREFIX_PATH}:/opt/ros/foxy /usr/bin/cmake --install /home/sun/Documents/Course/ESE615/Project/build/pure_pursuit
