-- Found ament_cmake: 0.9.9 (/opt/ros/foxy/share/ament_cmake/cmake)
-- Using PYTHON_EXECUTABLE: /usr/bin/python3
-- Override CMake install command with custom implementation using symlinks instead of copying resources
-- Found rclcpp: 2.4.1 (/opt/ros/foxy/share/rclcpp/cmake)
-- Using all available rosidl_typesupport_c: rosidl_typesupport_fastrtps_c;rosidl_typesupport_introspection_c
-- Found rosidl_adapter: 1.2.1 (/opt/ros/foxy/share/rosidl_adapter/cmake)
-- Using all available rosidl_typesupport_cpp: rosidl_typesupport_fastrtps_cpp;rosidl_typesupport_introspection_cpp
-- Found rmw_implementation_cmake: 1.0.3 (/opt/ros/foxy/share/rmw_implementation_cmake/cmake)
-- Using RMW implementation 'rmw_fastrtps_cpp' as default
-- Found rclpy: 1.0.8 (/opt/ros/foxy/share/rclpy/cmake)
-- Found geometry_msgs: 2.0.5 (/opt/ros/foxy/share/geometry_msgs/cmake)
-- Found nav_msgs: 2.0.5 (/opt/ros/foxy/share/nav_msgs/cmake)
-- Found ackermann_msgs: 2.0.2 (/opt/ros/foxy/share/ackermann_msgs/cmake)
-- Found sensor_msgs: 2.0.5 (/opt/ros/foxy/share/sensor_msgs/cmake)
-- Found ament_lint_auto: 0.9.6 (/opt/ros/foxy/share/ament_lint_auto/cmake)
-- Added test 'copyright' to check source files copyright and LICENSE
-- Added test 'cppcheck' to perform static code analysis on C / C++ code
-- Configured cppcheck include dirs: /home/sun/Documents/Course/ESE615/Project/src/mpc/include
-- Configured cppcheck exclude dirs and/or files: 
-- Added test 'cpplint' to check C / C++ code against the Google style
-- Configured cpplint exclude dirs and/or files: 
-- Added test 'flake8' to check Python code syntax and style conventions
-- Added test 'lint_cmake' to check CMake code style
-- Added test 'pep257' to check Python code against some of the style conventions in PEP 257
-- Added test 'uncrustify' to check C / C++ code style
-- Configured uncrustify additional arguments: 
-- Added test 'xmllint' to check XML markup files
-- Configuring done
-- Generating done
-- Build files have been written to: /home/sun/Documents/Course/ESE615/Project/build/mpc
[100%] Built target mpc_node
-- Install configuration: ""
-- Execute custom install script
-- Up-to-date symlink: /home/sun/Documents/Course/ESE615/Project/install/mpc/lib/mpc/mpc_node
-- Up-to-date symlink: /home/sun/Documents/Course/ESE615/Project/install/mpc/share/mpc/environment/pythonpath.sh
-- Up-to-date symlink: /home/sun/Documents/Course/ESE615/Project/install/mpc/share/mpc/environment/pythonpath.dsv
-- Up-to-date symlink: /home/sun/Documents/Course/ESE615/Project/install/mpc/lib/python3.8/site-packages/mpc/__init__.py
-- Up-to-date symlink: /home/sun/Documents/Course/ESE615/Project/install/mpc/lib/python3.8/site-packages/mpc/mpc_class.py
-- Up-to-date symlink: /home/sun/Documents/Course/ESE615/Project/install/mpc/lib/mpc/mpc_node.py
-- Up-to-date symlink: /home/sun/Documents/Course/ESE615/Project/install/mpc/share/ament_index/resource_index/package_run_dependencies/mpc
-- Up-to-date symlink: /home/sun/Documents/Course/ESE615/Project/install/mpc/share/ament_index/resource_index/parent_prefix_path/mpc
-- Up-to-date symlink: /home/sun/Documents/Course/ESE615/Project/install/mpc/share/mpc/environment/ament_prefix_path.sh
-- Up-to-date symlink: /home/sun/Documents/Course/ESE615/Project/install/mpc/share/mpc/environment/ament_prefix_path.dsv
-- Up-to-date symlink: /home/sun/Documents/Course/ESE615/Project/install/mpc/share/mpc/environment/path.sh
-- Up-to-date symlink: /home/sun/Documents/Course/ESE615/Project/install/mpc/share/mpc/environment/path.dsv
-- Up-to-date symlink: /home/sun/Documents/Course/ESE615/Project/install/mpc/share/mpc/local_setup.bash
-- Up-to-date symlink: /home/sun/Documents/Course/ESE615/Project/install/mpc/share/mpc/local_setup.sh
-- Up-to-date symlink: /home/sun/Documents/Course/ESE615/Project/install/mpc/share/mpc/local_setup.zsh
-- Up-to-date symlink: /home/sun/Documents/Course/ESE615/Project/install/mpc/share/mpc/local_setup.dsv
-- Symlinking: /home/sun/Documents/Course/ESE615/Project/install/mpc/share/mpc/package.dsv
-- Up-to-date symlink: /home/sun/Documents/Course/ESE615/Project/install/mpc/share/ament_index/resource_index/packages/mpc
-- Up-to-date symlink: /home/sun/Documents/Course/ESE615/Project/install/mpc/share/mpc/cmake/mpcConfig.cmake
-- Up-to-date symlink: /home/sun/Documents/Course/ESE615/Project/install/mpc/share/mpc/cmake/mpcConfig-version.cmake
-- Up-to-date symlink: /home/sun/Documents/Course/ESE615/Project/install/mpc/share/mpc/package.xml
Listing '/home/sun/Documents/Course/ESE615/Project/install/mpc/lib/python3.8/site-packages/mpc'...
Compiling '/home/sun/Documents/Course/ESE615/Project/install/mpc/lib/python3.8/site-packages/mpc/mpc_class.py'...
