[0.024s] Invoking command in '/home/sun/Documents/Course/ESE615/Project/build/mpc': CMAKE_PREFIX_PATH=${CMAKE_PREFIX_PATH}:/opt/ros/foxy /usr/bin/cmake /home/sun/Documents/Course/ESE615/Project/src/mpc -DAMENT_CMAKE_SYMLINK_INSTALL=1 -DCMAKE_INSTALL_PREFIX=/home/sun/Documents/Course/ESE615/Project/install/mpc
[0.044s] -- Found ament_cmake: 0.9.9 (/opt/ros/foxy/share/ament_cmake/cmake)
[0.065s] -- Using PYTHON_EXECUTABLE: /usr/bin/python3
[0.256s] -- Override CMake install command with custom implementation using symlinks instead of copying resources
[0.266s] -- Found rclcpp: 2.4.1 (/opt/ros/foxy/share/rclcpp/cmake)
[0.301s] -- Using all available rosidl_typesupport_c: rosidl_typesupport_fastrtps_c;rosidl_typesupport_introspection_c
[0.306s] -- Found rosidl_adapter: 1.2.1 (/opt/ros/foxy/share/rosidl_adapter/cmake)
[0.413s] -- Using all available rosidl_typesupport_cpp: rosidl_typesupport_fastrtps_cpp;rosidl_typesupport_introspection_cpp
[0.453s] -- Found rmw_implementation_cmake: 1.0.3 (/opt/ros/foxy/share/rmw_implementation_cmake/cmake)
[0.454s] -- Using RMW implementation 'rmw_fastrtps_cpp' as default
[0.576s] -- Found rclpy: 1.0.8 (/opt/ros/foxy/share/rclpy/cmake)
[0.576s] -- Found geometry_msgs: 2.0.5 (/opt/ros/foxy/share/geometry_msgs/cmake)
[0.605s] -- Found nav_msgs: 2.0.5 (/opt/ros/foxy/share/nav_msgs/cmake)
[0.666s] -- Found ackermann_msgs: 2.0.2 (/opt/ros/foxy/share/ackermann_msgs/cmake)
[0.692s] -- Found sensor_msgs: 2.0.5 (/opt/ros/foxy/share/sensor_msgs/cmake)
[0.754s] -- Found ament_lint_auto: 0.9.6 (/opt/ros/foxy/share/ament_lint_auto/cmake)
[0.862s] -- Added test 'copyright' to check source files copyright and LICENSE
[0.863s] -- Added test 'cppcheck' to perform static code analysis on C / C++ code
[0.863s] -- Configured cppcheck include dirs: /home/sun/Documents/Course/ESE615/Project/src/mpc/include
[0.864s] -- Configured cppcheck exclude dirs and/or files: 
[0.865s] -- Added test 'cpplint' to check C / C++ code against the Google style
[0.865s] -- Configured cpplint exclude dirs and/or files: 
[0.865s] -- Added test 'flake8' to check Python code syntax and style conventions
[0.866s] -- Added test 'lint_cmake' to check CMake code style
[0.867s] -- Added test 'pep257' to check Python code against some of the style conventions in PEP 257
[0.868s] -- Added test 'uncrustify' to check C / C++ code style
[0.868s] -- Configured uncrustify additional arguments: 
[0.871s] -- Added test 'xmllint' to check XML markup files
[0.896s] -- Configuring done
[0.896s] -- Generating done
[0.896s] -- Build files have been written to: /home/sun/Documents/Course/ESE615/Project/build/mpc
[0.897s] Invoked command in '/home/sun/Documents/Course/ESE615/Project/build/mpc' returned '0': CMAKE_PREFIX_PATH=${CMAKE_PREFIX_PATH}:/opt/ros/foxy /usr/bin/cmake /home/sun/Documents/Course/ESE615/Project/src/mpc -DAMENT_CMAKE_SYMLINK_INSTALL=1 -DCMAKE_INSTALL_PREFIX=/home/sun/Documents/Course/ESE615/Project/install/mpc
[0.900s] Invoking command in '/home/sun/Documents/Course/ESE615/Project/build/mpc': CMAKE_PREFIX_PATH=${CMAKE_PREFIX_PATH}:/opt/ros/foxy /usr/bin/cmake --build /home/sun/Documents/Course/ESE615/Project/build/mpc -- -j8 -l8
[0.952s] [100%] Built target mpc_node
[0.960s] Invoked command in '/home/sun/Documents/Course/ESE615/Project/build/mpc' returned '0': CMAKE_PREFIX_PATH=${CMAKE_PREFIX_PATH}:/opt/ros/foxy /usr/bin/cmake --build /home/sun/Documents/Course/ESE615/Project/build/mpc -- -j8 -l8
[0.988s] Invoking command in '/home/sun/Documents/Course/ESE615/Project/build/mpc': CMAKE_PREFIX_PATH=${CMAKE_PREFIX_PATH}:/opt/ros/foxy /usr/bin/cmake --install /home/sun/Documents/Course/ESE615/Project/build/mpc
[0.994s] -- Install configuration: ""
[0.995s] -- Execute custom install script
[0.995s] -- Up-to-date symlink: /home/sun/Documents/Course/ESE615/Project/install/mpc/lib/mpc/mpc_node
[0.995s] -- Up-to-date symlink: /home/sun/Documents/Course/ESE615/Project/install/mpc/share/mpc/environment/pythonpath.sh
[0.995s] -- Up-to-date symlink: /home/sun/Documents/Course/ESE615/Project/install/mpc/share/mpc/environment/pythonpath.dsv
[0.996s] -- Up-to-date symlink: /home/sun/Documents/Course/ESE615/Project/install/mpc/lib/python3.8/site-packages/mpc/__init__.py
[0.996s] -- Up-to-date symlink: /home/sun/Documents/Course/ESE615/Project/install/mpc/lib/python3.8/site-packages/mpc/mpc_class.py
[0.997s] -- Up-to-date symlink: /home/sun/Documents/Course/ESE615/Project/install/mpc/lib/mpc/mpc_node.py
[0.998s] -- Up-to-date symlink: /home/sun/Documents/Course/ESE615/Project/install/mpc/share/ament_index/resource_index/package_run_dependencies/mpc
[0.998s] -- Up-to-date symlink: /home/sun/Documents/Course/ESE615/Project/install/mpc/share/ament_index/resource_index/parent_prefix_path/mpc
[0.998s] -- Up-to-date symlink: /home/sun/Documents/Course/ESE615/Project/install/mpc/share/mpc/environment/ament_prefix_path.sh
[0.998s] -- Up-to-date symlink: /home/sun/Documents/Course/ESE615/Project/install/mpc/share/mpc/environment/ament_prefix_path.dsv
[0.998s] -- Up-to-date symlink: /home/sun/Documents/Course/ESE615/Project/install/mpc/share/mpc/environment/path.sh
[0.998s] -- Up-to-date symlink: /home/sun/Documents/Course/ESE615/Project/install/mpc/share/mpc/environment/path.dsv
[1.000s] -- Up-to-date symlink: /home/sun/Documents/Course/ESE615/Project/install/mpc/share/mpc/local_setup.bash
[1.000s] -- Up-to-date symlink: /home/sun/Documents/Course/ESE615/Project/install/mpc/share/mpc/local_setup.sh
[1.000s] -- Up-to-date symlink: /home/sun/Documents/Course/ESE615/Project/install/mpc/share/mpc/local_setup.zsh
[1.000s] -- Up-to-date symlink: /home/sun/Documents/Course/ESE615/Project/install/mpc/share/mpc/local_setup.dsv
[1.000s] -- Symlinking: /home/sun/Documents/Course/ESE615/Project/install/mpc/share/mpc/package.dsv
[1.010s] -- Up-to-date symlink: /home/sun/Documents/Course/ESE615/Project/install/mpc/share/ament_index/resource_index/packages/mpc
[1.010s] -- Up-to-date symlink: /home/sun/Documents/Course/ESE615/Project/install/mpc/share/mpc/cmake/mpcConfig.cmake
[1.010s] -- Up-to-date symlink: /home/sun/Documents/Course/ESE615/Project/install/mpc/share/mpc/cmake/mpcConfig-version.cmake
[1.010s] -- Up-to-date symlink: /home/sun/Documents/Course/ESE615/Project/install/mpc/share/mpc/package.xml
[1.036s] Listing '/home/sun/Documents/Course/ESE615/Project/install/mpc/lib/python3.8/site-packages/mpc'...
[1.037s] Compiling '/home/sun/Documents/Course/ESE615/Project/install/mpc/lib/python3.8/site-packages/mpc/mpc_class.py'...
[1.042s] Invoked command in '/home/sun/Documents/Course/ESE615/Project/build/mpc' returned '0': CMAKE_PREFIX_PATH=${CMAKE_PREFIX_PATH}:/opt/ros/foxy /usr/bin/cmake --install /home/sun/Documents/Course/ESE615/Project/build/mpc
