[0.028s] Invoking command in '/home/sun/Documents/Course/ESE615/Project/build/dummy_car': CMAKE_PREFIX_PATH=${CMAKE_PREFIX_PATH}:/opt/ros/foxy /usr/bin/cmake /home/sun/Documents/Course/ESE615/Project/src/dummy_car -DCMAKE_EXPORT_COMPILE_COMMANDS=ON -DAMENT_CMAKE_SYMLINK_INSTALL=1 -DCMAKE_INSTALL_PREFIX=/home/sun/Documents/Course/ESE615/Project/install/dummy_car
[0.113s] -- The C compiler identification is GNU 9.4.0
[0.158s] -- The CXX compiler identification is GNU 9.4.0
[0.162s] -- Check for working C compiler: /usr/bin/cc
[0.214s] -- Check for working C compiler: /usr/bin/cc -- works
[0.215s] -- Detecting C compiler ABI info
[0.271s] -- Detecting C compiler ABI info - done
[0.280s] -- Detecting C compile features
[0.280s] -- Detecting C compile features - done
[0.282s] -- Check for working CXX compiler: /usr/bin/c++
[0.344s] -- Check for working CXX compiler: /usr/bin/c++ -- works
[0.345s] -- Detecting CXX compiler ABI info
[0.418s] -- Detecting CXX compiler ABI info - done
[0.436s] -- Detecting CXX compile features
[0.436s] -- Detecting CXX compile features - done
[0.437s] -- Found ament_cmake: 0.9.9 (/opt/ros/foxy/share/ament_cmake/cmake)
[0.463s] -- Found PythonInterp: /usr/bin/python3 (found suitable version "3.8.10", minimum required is "3") 
[0.463s] -- Using PYTHON_EXECUTABLE: /usr/bin/python3
[0.653s] -- Override CMake install command with custom implementation using symlinks instead of copying resources
[0.667s] -- Found rclcpp: 2.4.1 (/opt/ros/foxy/share/rclcpp/cmake)
[0.700s] -- Using all available rosidl_typesupport_c: rosidl_typesupport_fastrtps_c;rosidl_typesupport_introspection_c
[0.708s] -- Found rosidl_adapter: 1.2.1 (/opt/ros/foxy/share/rosidl_adapter/cmake)
[0.774s] -- Found OpenSSL: /usr/lib/x86_64-linux-gnu/libcrypto.so (found version "1.1.1f")  
[0.801s] -- Found FastRTPS: /opt/ros/foxy/include  
[0.854s] -- Using all available rosidl_typesupport_cpp: rosidl_typesupport_fastrtps_cpp;rosidl_typesupport_introspection_cpp
[0.897s] -- Found rmw_implementation_cmake: 1.0.3 (/opt/ros/foxy/share/rmw_implementation_cmake/cmake)
[0.898s] -- Using RMW implementation 'rmw_fastrtps_cpp' as default
[0.898s] -- Looking for pthread.h
[0.956s] -- Looking for pthread.h - found
[0.956s] -- Performing Test CMAKE_HAVE_LIBC_PTHREAD
[1.022s] -- Performing Test CMAKE_HAVE_LIBC_PTHREAD - Failed
[1.022s] -- Looking for pthread_create in pthreads
[1.070s] -- Looking for pthread_create in pthreads - not found
[1.070s] -- Looking for pthread_create in pthread
[1.136s] -- Looking for pthread_create in pthread - found
[1.137s] -- Found Threads: TRUE  
[1.256s] -- Found rclpy: 1.0.8 (/opt/ros/foxy/share/rclpy/cmake)
[1.256s] -- Found geometry_msgs: 2.0.5 (/opt/ros/foxy/share/geometry_msgs/cmake)
[1.283s] -- Found nav_msgs: 2.0.5 (/opt/ros/foxy/share/nav_msgs/cmake)
[1.340s] -- Found ackermann_msgs: 2.0.2 (/opt/ros/foxy/share/ackermann_msgs/cmake)
[1.367s] -- Found sensor_msgs: 2.0.5 (/opt/ros/foxy/share/sensor_msgs/cmake)
[1.424s] -- Found visualization_msgs: 2.0.5 (/opt/ros/foxy/share/visualization_msgs/cmake)
[1.486s] -- Found tf2_ros: 0.13.13 (/opt/ros/foxy/share/tf2_ros/cmake)
[1.997s] -- Found ament_lint_auto: 0.9.6 (/opt/ros/foxy/share/ament_lint_auto/cmake)
[2.105s] -- Added test 'copyright' to check source files copyright and LICENSE
[2.108s] -- Added test 'flake8' to check Python code syntax and style conventions
[2.108s] -- Added test 'lint_cmake' to check CMake code style
[2.109s] -- Added test 'pep257' to check Python code against some of the style conventions in PEP 257
[2.110s] -- Added test 'xmllint' to check XML markup files
[2.113s] -- Configuring done
[2.115s] -- Generating done
[2.116s] -- Build files have been written to: /home/sun/Documents/Course/ESE615/Project/build/dummy_car
[2.128s] Invoked command in '/home/sun/Documents/Course/ESE615/Project/build/dummy_car' returned '0': CMAKE_PREFIX_PATH=${CMAKE_PREFIX_PATH}:/opt/ros/foxy /usr/bin/cmake /home/sun/Documents/Course/ESE615/Project/src/dummy_car -DCMAKE_EXPORT_COMPILE_COMMANDS=ON -DAMENT_CMAKE_SYMLINK_INSTALL=1 -DCMAKE_INSTALL_PREFIX=/home/sun/Documents/Course/ESE615/Project/install/dummy_car
[2.129s] Invoking command in '/home/sun/Documents/Course/ESE615/Project/build/dummy_car': CMAKE_PREFIX_PATH=${CMAKE_PREFIX_PATH}:/opt/ros/foxy /usr/bin/cmake --build /home/sun/Documents/Course/ESE615/Project/build/dummy_car -- -j8 -l8
[2.171s] Invoked command in '/home/sun/Documents/Course/ESE615/Project/build/dummy_car' returned '0': CMAKE_PREFIX_PATH=${CMAKE_PREFIX_PATH}:/opt/ros/foxy /usr/bin/cmake --build /home/sun/Documents/Course/ESE615/Project/build/dummy_car -- -j8 -l8
[2.198s] Invoking command in '/home/sun/Documents/Course/ESE615/Project/build/dummy_car': CMAKE_PREFIX_PATH=${CMAKE_PREFIX_PATH}:/opt/ros/foxy /usr/bin/cmake --install /home/sun/Documents/Course/ESE615/Project/build/dummy_car
[2.206s] -- Install configuration: ""
[2.206s] -- Execute custom install script
[2.206s] -- Symlinking: /home/sun/Documents/Course/ESE615/Project/install/dummy_car/share/dummy_car/environment/pythonpath.sh
[2.215s] -- Symlinking: /home/sun/Documents/Course/ESE615/Project/install/dummy_car/share/dummy_car/environment/pythonpath.dsv
[2.224s] -- Symlinking: /home/sun/Documents/Course/ESE615/Project/install/dummy_car/lib/python3.8/site-packages/dummy_car/__init__.py
[2.234s] -- Symlinking: /home/sun/Documents/Course/ESE615/Project/install/dummy_car/lib/dummy_car/dummy_car_node.py
[2.242s] -- Symlinking: /home/sun/Documents/Course/ESE615/Project/install/dummy_car/share/dummy_car/launch/dummy_car_launch.py
[2.250s] -- Symlinking: /home/sun/Documents/Course/ESE615/Project/install/dummy_car/share/ament_index/resource_index/package_run_dependencies/dummy_car
[2.258s] -- Symlinking: /home/sun/Documents/Course/ESE615/Project/install/dummy_car/share/ament_index/resource_index/parent_prefix_path/dummy_car
[2.265s] -- Symlinking: /home/sun/Documents/Course/ESE615/Project/install/dummy_car/share/dummy_car/environment/ament_prefix_path.sh
[2.272s] -- Symlinking: /home/sun/Documents/Course/ESE615/Project/install/dummy_car/share/dummy_car/environment/ament_prefix_path.dsv
[2.280s] -- Symlinking: /home/sun/Documents/Course/ESE615/Project/install/dummy_car/share/dummy_car/environment/path.sh
[2.287s] -- Symlinking: /home/sun/Documents/Course/ESE615/Project/install/dummy_car/share/dummy_car/environment/path.dsv
[2.294s] -- Symlinking: /home/sun/Documents/Course/ESE615/Project/install/dummy_car/share/dummy_car/local_setup.bash
[2.302s] -- Symlinking: /home/sun/Documents/Course/ESE615/Project/install/dummy_car/share/dummy_car/local_setup.sh
[2.309s] -- Symlinking: /home/sun/Documents/Course/ESE615/Project/install/dummy_car/share/dummy_car/local_setup.zsh
[2.319s] -- Symlinking: /home/sun/Documents/Course/ESE615/Project/install/dummy_car/share/dummy_car/local_setup.dsv
[2.324s] -- Symlinking: /home/sun/Documents/Course/ESE615/Project/install/dummy_car/share/dummy_car/package.dsv
[2.335s] -- Symlinking: /home/sun/Documents/Course/ESE615/Project/install/dummy_car/share/ament_index/resource_index/packages/dummy_car
[2.343s] -- Symlinking: /home/sun/Documents/Course/ESE615/Project/install/dummy_car/share/dummy_car/cmake/dummy_carConfig.cmake
[2.352s] -- Symlinking: /home/sun/Documents/Course/ESE615/Project/install/dummy_car/share/dummy_car/cmake/dummy_carConfig-version.cmake
[2.361s] -- Symlinking: /home/sun/Documents/Course/ESE615/Project/install/dummy_car/share/dummy_car/package.xml
[2.400s] Listing '/home/sun/Documents/Course/ESE615/Project/install/dummy_car/lib/python3.8/site-packages/dummy_car'...
[2.400s] Compiling '/home/sun/Documents/Course/ESE615/Project/install/dummy_car/lib/python3.8/site-packages/dummy_car/__init__.py'...
[2.407s] Invoked command in '/home/sun/Documents/Course/ESE615/Project/build/dummy_car' returned '0': CMAKE_PREFIX_PATH=${CMAKE_PREFIX_PATH}:/opt/ros/foxy /usr/bin/cmake --install /home/sun/Documents/Course/ESE615/Project/build/dummy_car
