[0.027s] Invoking command in '/home/sun/Documents/Course/ESE615/Project/build/lane_follow': CMAKE_PREFIX_PATH=${CMAKE_PREFIX_PATH}:/opt/ros/foxy /usr/bin/cmake /home/sun/Documents/Course/ESE615/Project/src/lane_follow -DAMENT_CMAKE_SYMLINK_INSTALL=1 -DCMAKE_INSTALL_PREFIX=/home/sun/Documents/Course/ESE615/Project/install/lane_follow
[0.049s] -- Found ament_cmake: 0.9.9 (/opt/ros/foxy/share/ament_cmake/cmake)
[0.071s] -- Using PYTHON_EXECUTABLE: /usr/bin/python3
[0.267s] -- Override CMake install command with custom implementation using symlinks instead of copying resources
[0.274s] -- Found rclcpp: 2.4.1 (/opt/ros/foxy/share/rclcpp/cmake)
[0.312s] -- Using all available rosidl_typesupport_c: rosidl_typesupport_fastrtps_c;rosidl_typesupport_introspection_c
[0.312s] -- Found rosidl_adapter: 1.2.1 (/opt/ros/foxy/share/rosidl_adapter/cmake)
[0.419s] -- Using all available rosidl_typesupport_cpp: rosidl_typesupport_fastrtps_cpp;rosidl_typesupport_introspection_cpp
[0.460s] -- Found rmw_implementation_cmake: 1.0.3 (/opt/ros/foxy/share/rmw_implementation_cmake/cmake)
[0.462s] -- Using RMW implementation 'rmw_fastrtps_cpp' as default
[0.582s] -- Found rclpy: 1.0.8 (/opt/ros/foxy/share/rclpy/cmake)
[0.582s] -- Found geometry_msgs: 2.0.5 (/opt/ros/foxy/share/geometry_msgs/cmake)
[0.611s] -- Found nav_msgs: 2.0.5 (/opt/ros/foxy/share/nav_msgs/cmake)
[0.669s] -- Found ackermann_msgs: 2.0.2 (/opt/ros/foxy/share/ackermann_msgs/cmake)
[0.698s] -- Found sensor_msgs: 2.0.5 (/opt/ros/foxy/share/sensor_msgs/cmake)
[0.757s] -- Found visualization_msgs: 2.0.5 (/opt/ros/foxy/share/visualization_msgs/cmake)
[0.815s] -- Found tf2_ros: 0.13.13 (/opt/ros/foxy/share/tf2_ros/cmake)
[1.108s] -- Found ament_lint_auto: 0.9.6 (/opt/ros/foxy/share/ament_lint_auto/cmake)
[1.204s] -- Added test 'copyright' to check source files copyright and LICENSE
[1.207s] -- Added test 'flake8' to check Python code syntax and style conventions
[1.207s] -- Added test 'lint_cmake' to check CMake code style
[1.208s] -- Added test 'pep257' to check Python code against some of the style conventions in PEP 257
[1.209s] -- Added test 'xmllint' to check XML markup files
[1.212s] -- Configuring done
[1.214s] -- Generating done
[1.216s] -- Build files have been written to: /home/sun/Documents/Course/ESE615/Project/build/lane_follow
[1.222s] Invoked command in '/home/sun/Documents/Course/ESE615/Project/build/lane_follow' returned '0': CMAKE_PREFIX_PATH=${CMAKE_PREFIX_PATH}:/opt/ros/foxy /usr/bin/cmake /home/sun/Documents/Course/ESE615/Project/src/lane_follow -DAMENT_CMAKE_SYMLINK_INSTALL=1 -DCMAKE_INSTALL_PREFIX=/home/sun/Documents/Course/ESE615/Project/install/lane_follow
[1.224s] Invoking command in '/home/sun/Documents/Course/ESE615/Project/build/lane_follow': CMAKE_PREFIX_PATH=${CMAKE_PREFIX_PATH}:/opt/ros/foxy /usr/bin/cmake --build /home/sun/Documents/Course/ESE615/Project/build/lane_follow -- -j8 -l8
[1.256s] Invoked command in '/home/sun/Documents/Course/ESE615/Project/build/lane_follow' returned '0': CMAKE_PREFIX_PATH=${CMAKE_PREFIX_PATH}:/opt/ros/foxy /usr/bin/cmake --build /home/sun/Documents/Course/ESE615/Project/build/lane_follow -- -j8 -l8
[1.281s] Invoking command in '/home/sun/Documents/Course/ESE615/Project/build/lane_follow': CMAKE_PREFIX_PATH=${CMAKE_PREFIX_PATH}:/opt/ros/foxy /usr/bin/cmake --install /home/sun/Documents/Course/ESE615/Project/build/lane_follow
[1.287s] -- Install configuration: ""
[1.287s] -- Execute custom install script
[1.287s] -- Up-to-date symlink: /home/sun/Documents/Course/ESE615/Project/install/lane_follow/share/lane_follow/environment/pythonpath.sh
[1.287s] -- Up-to-date symlink: /home/sun/Documents/Course/ESE615/Project/install/lane_follow/share/lane_follow/environment/pythonpath.dsv
[1.288s] -- Up-to-date symlink: /home/sun/Documents/Course/ESE615/Project/install/lane_follow/lib/python3.8/site-packages/lane_follow/__init__.py
[1.288s] -- Up-to-date symlink: /home/sun/Documents/Course/ESE615/Project/install/lane_follow/lib/lane_follow/lane_follow_node.py
[1.288s] -- Up-to-date symlink: /home/sun/Documents/Course/ESE615/Project/install/lane_follow/lib/lane_follow/lane_visualize.py
[1.288s] -- Up-to-date symlink: /home/sun/Documents/Course/ESE615/Project/install/lane_follow/share/lane_follow/launch/lane_follow_launch.py
[1.289s] -- Up-to-date symlink: /home/sun/Documents/Course/ESE615/Project/install/lane_follow/share/ament_index/resource_index/package_run_dependencies/lane_follow
[1.289s] -- Up-to-date symlink: /home/sun/Documents/Course/ESE615/Project/install/lane_follow/share/ament_index/resource_index/parent_prefix_path/lane_follow
[1.289s] -- Up-to-date symlink: /home/sun/Documents/Course/ESE615/Project/install/lane_follow/share/lane_follow/environment/ament_prefix_path.sh
[1.289s] -- Up-to-date symlink: /home/sun/Documents/Course/ESE615/Project/install/lane_follow/share/lane_follow/environment/ament_prefix_path.dsv
[1.289s] -- Up-to-date symlink: /home/sun/Documents/Course/ESE615/Project/install/lane_follow/share/lane_follow/environment/path.sh
[1.290s] -- Up-to-date symlink: /home/sun/Documents/Course/ESE615/Project/install/lane_follow/share/lane_follow/environment/path.dsv
[1.290s] -- Up-to-date symlink: /home/sun/Documents/Course/ESE615/Project/install/lane_follow/share/lane_follow/local_setup.bash
[1.290s] -- Up-to-date symlink: /home/sun/Documents/Course/ESE615/Project/install/lane_follow/share/lane_follow/local_setup.sh
[1.290s] -- Up-to-date symlink: /home/sun/Documents/Course/ESE615/Project/install/lane_follow/share/lane_follow/local_setup.zsh
[1.290s] -- Up-to-date symlink: /home/sun/Documents/Course/ESE615/Project/install/lane_follow/share/lane_follow/local_setup.dsv
[1.290s] -- Symlinking: /home/sun/Documents/Course/ESE615/Project/install/lane_follow/share/lane_follow/package.dsv
[1.300s] -- Up-to-date symlink: /home/sun/Documents/Course/ESE615/Project/install/lane_follow/share/ament_index/resource_index/packages/lane_follow
[1.300s] -- Up-to-date symlink: /home/sun/Documents/Course/ESE615/Project/install/lane_follow/share/lane_follow/cmake/lane_followConfig.cmake
[1.300s] -- Up-to-date symlink: /home/sun/Documents/Course/ESE615/Project/install/lane_follow/share/lane_follow/cmake/lane_followConfig-version.cmake
[1.300s] -- Up-to-date symlink: /home/sun/Documents/Course/ESE615/Project/install/lane_follow/share/lane_follow/package.xml
[1.326s] Listing '/home/sun/Documents/Course/ESE615/Project/install/lane_follow/lib/python3.8/site-packages/lane_follow'...
[1.327s] Compiling '/home/sun/Documents/Course/ESE615/Project/install/lane_follow/lib/python3.8/site-packages/lane_follow/__init__.py'...
[1.343s] Invoked command in '/home/sun/Documents/Course/ESE615/Project/build/lane_follow' returned '0': CMAKE_PREFIX_PATH=${CMAKE_PREFIX_PATH}:/opt/ros/foxy /usr/bin/cmake --install /home/sun/Documents/Course/ESE615/Project/build/lane_follow
