-- Install configuration: ""
-- Execute custom install script
-- Up-to-date symlink: /home/sun/Documents/Course/ESE615/Project/install/lane_follow/share/lane_follow/environment/pythonpath.sh
-- Up-to-date symlink: /home/sun/Documents/Course/ESE615/Project/install/lane_follow/share/lane_follow/environment/pythonpath.dsv
-- Up-to-date symlink: /home/sun/Documents/Course/ESE615/Project/install/lane_follow/lib/python3.8/site-packages/lane_follow/__init__.py
-- Up-to-date symlink: /home/sun/Documents/Course/ESE615/Project/install/lane_follow/lib/lane_follow/lane_follow_node.py
-- Up-to-date symlink: /home/sun/Documents/Course/ESE615/Project/install/lane_follow/lib/lane_follow/lane_visualize.py
-- Up-to-date symlink: /home/sun/Documents/Course/ESE615/Project/install/lane_follow/share/lane_follow/launch/lane_follow_launch.py
-- Up-to-date symlink: /home/sun/Documents/Course/ESE615/Project/install/lane_follow/share/ament_index/resource_index/package_run_dependencies/lane_follow
-- Up-to-date symlink: /home/sun/Documents/Course/ESE615/Project/install/lane_follow/share/ament_index/resource_index/parent_prefix_path/lane_follow
-- Up-to-date symlink: /home/sun/Documents/Course/ESE615/Project/install/lane_follow/share/lane_follow/environment/ament_prefix_path.sh
-- Up-to-date symlink: /home/sun/Documents/Course/ESE615/Project/install/lane_follow/share/lane_follow/environment/ament_prefix_path.dsv
-- Up-to-date symlink: /home/sun/Documents/Course/ESE615/Project/install/lane_follow/share/lane_follow/environment/path.sh
-- Up-to-date symlink: /home/sun/Documents/Course/ESE615/Project/install/lane_follow/share/lane_follow/environment/path.dsv
-- Up-to-date symlink: /home/sun/Documents/Course/ESE615/Project/install/lane_follow/share/lane_follow/local_setup.bash
-- Up-to-date symlink: /home/sun/Documents/Course/ESE615/Project/install/lane_follow/share/lane_follow/local_setup.sh
-- Up-to-date symlink: /home/sun/Documents/Course/ESE615/Project/install/lane_follow/share/lane_follow/local_setup.zsh
-- Up-to-date symlink: /home/sun/Documents/Course/ESE615/Project/install/lane_follow/share/lane_follow/local_setup.dsv
-- Symlinking: /home/sun/Documents/Course/ESE615/Project/install/lane_follow/share/lane_follow/package.dsv
-- Up-to-date symlink: /home/sun/Documents/Course/ESE615/Project/install/lane_follow/share/ament_index/resource_index/packages/lane_follow
-- Up-to-date symlink: /home/sun/Documents/Course/ESE615/Project/install/lane_follow/share/lane_follow/cmake/lane_followConfig.cmake
-- Up-to-date symlink: /home/sun/Documents/Course/ESE615/Project/install/lane_follow/share/lane_follow/cmake/lane_followConfig-version.cmake
-- Up-to-date symlink: /home/sun/Documents/Course/ESE615/Project/install/lane_follow/share/lane_follow/package.xml
Listing '/home/sun/Documents/Course/ESE615/Project/install/lane_follow/lib/python3.8/site-packages/lane_follow'...
