[0.027s] Invoking command in '/home/sun/Documents/Course/ESE615/Project/build/lane_follow': CMAKE_PREFIX_PATH=${CMAKE_PREFIX_PATH}:/opt/ros/foxy /usr/bin/cmake --build /home/sun/Documents/Course/ESE615/Project/build/lane_follow -- -j8 -l8
[0.059s] Invoked command in '/home/sun/Documents/Course/ESE615/Project/build/lane_follow' returned '0': CMAKE_PREFIX_PATH=${CMAKE_PREFIX_PATH}:/opt/ros/foxy /usr/bin/cmake --build /home/sun/Documents/Course/ESE615/Project/build/lane_follow -- -j8 -l8
[0.091s] Invoking command in '/home/sun/Documents/Course/ESE615/Project/build/lane_follow': CMAKE_PREFIX_PATH=${CMAKE_PREFIX_PATH}:/opt/ros/foxy /usr/bin/cmake --install /home/sun/Documents/Course/ESE615/Project/build/lane_follow
[0.096s] -- Install configuration: ""
[0.097s] -- Execute custom install script
[0.097s] -- Up-to-date symlink: /home/sun/Documents/Course/ESE615/Project/install/lane_follow/share/lane_follow/environment/pythonpath.sh
[0.098s] -- Up-to-date symlink: /home/sun/Documents/Course/ESE615/Project/install/lane_follow/share/lane_follow/environment/pythonpath.dsv
[0.098s] -- Up-to-date symlink: /home/sun/Documents/Course/ESE615/Project/install/lane_follow/lib/python3.8/site-packages/lane_follow/__init__.py
[0.099s] -- Up-to-date symlink: /home/sun/Documents/Course/ESE615/Project/install/lane_follow/lib/lane_follow/lane_follow_node.py
[0.099s] -- Up-to-date symlink: /home/sun/Documents/Course/ESE615/Project/install/lane_follow/lib/lane_follow/lane_visualize.py
[0.101s] -- Up-to-date symlink: /home/sun/Documents/Course/ESE615/Project/install/lane_follow/share/lane_follow/launch/lane_follow_launch.py
[0.103s] -- Up-to-date symlink: /home/sun/Documents/Course/ESE615/Project/install/lane_follow/share/ament_index/resource_index/package_run_dependencies/lane_follow
[0.103s] -- Up-to-date symlink: /home/sun/Documents/Course/ESE615/Project/install/lane_follow/share/ament_index/resource_index/parent_prefix_path/lane_follow
[0.104s] -- Up-to-date symlink: /home/sun/Documents/Course/ESE615/Project/install/lane_follow/share/lane_follow/environment/ament_prefix_path.sh
[0.104s] -- Up-to-date symlink: /home/sun/Documents/Course/ESE615/Project/install/lane_follow/share/lane_follow/environment/ament_prefix_path.dsv
[0.104s] -- Up-to-date symlink: /home/sun/Documents/Course/ESE615/Project/install/lane_follow/share/lane_follow/environment/path.sh
[0.104s] -- Up-to-date symlink: /home/sun/Documents/Course/ESE615/Project/install/lane_follow/share/lane_follow/environment/path.dsv
[0.104s] -- Up-to-date symlink: /home/sun/Documents/Course/ESE615/Project/install/lane_follow/share/lane_follow/local_setup.bash
[0.104s] -- Up-to-date symlink: /home/sun/Documents/Course/ESE615/Project/install/lane_follow/share/lane_follow/local_setup.sh
[0.104s] -- Up-to-date symlink: /home/sun/Documents/Course/ESE615/Project/install/lane_follow/share/lane_follow/local_setup.zsh
[0.104s] -- Up-to-date symlink: /home/sun/Documents/Course/ESE615/Project/install/lane_follow/share/lane_follow/local_setup.dsv
[0.104s] -- Symlinking: /home/sun/Documents/Course/ESE615/Project/install/lane_follow/share/lane_follow/package.dsv
[0.108s] -- Up-to-date symlink: /home/sun/Documents/Course/ESE615/Project/install/lane_follow/share/ament_index/resource_index/packages/lane_follow
[0.108s] -- Up-to-date symlink: /home/sun/Documents/Course/ESE615/Project/install/lane_follow/share/lane_follow/cmake/lane_followConfig.cmake
[0.108s] -- Up-to-date symlink: /home/sun/Documents/Course/ESE615/Project/install/lane_follow/share/lane_follow/cmake/lane_followConfig-version.cmake
[0.109s] -- Up-to-date symlink: /home/sun/Documents/Course/ESE615/Project/install/lane_follow/share/lane_follow/package.xml
[0.135s] Listing '/home/sun/Documents/Course/ESE615/Project/install/lane_follow/lib/python3.8/site-packages/lane_follow'...
[0.156s] Invoked command in '/home/sun/Documents/Course/ESE615/Project/build/lane_follow' returned '0': CMAKE_PREFIX_PATH=${CMAKE_PREFIX_PATH}:/opt/ros/foxy /usr/bin/cmake --install /home/sun/Documents/Course/ESE615/Project/build/lane_follow
