[100%] Built target mpc_node
-- Install configuration: ""
-- Execute custom install script
-- Up-to-date symlink: /home/sun/Documents/Course/ESE615/Project/install/mpc/lib/mpc/mpc_node
-- Up-to-date symlink: /home/sun/Documents/Course/ESE615/Project/install/mpc/share/mpc/environment/pythonpath.sh
-- Up-to-date symlink: /home/sun/Documents/Course/ESE615/Project/install/mpc/share/mpc/environment/pythonpath.dsv
-- Up-to-date symlink: /home/sun/Documents/Course/ESE615/Project/install/mpc/lib/python3.8/site-packages/mpc/__init__.py
-- Up-to-date symlink: /home/sun/Documents/Course/ESE615/Project/install/mpc/lib/python3.8/site-packages/mpc/mpc_class.py
-- Up-to-date symlink: /home/sun/Documents/Course/ESE615/Project/install/mpc/lib/mpc/mpc_node.py
-- Up-to-date symlink: /home/sun/Documents/Course/ESE615/Project/install/mpc/share/ament_index/resource_index/package_run_dependencies/mpc
-- Up-to-date symlink: /home/sun/Documents/Course/ESE615/Project/install/mpc/share/ament_index/resource_index/parent_prefix_path/mpc
-- Up-to-date symlink: /home/sun/Documents/Course/ESE615/Project/install/mpc/share/mpc/environment/ament_prefix_path.sh
-- Up-to-date symlink: /home/sun/Documents/Course/ESE615/Project/install/mpc/share/mpc/environment/ament_prefix_path.dsv
-- Up-to-date symlink: /home/sun/Documents/Course/ESE615/Project/install/mpc/share/mpc/environment/path.sh
-- Up-to-date symlink: /home/sun/Documents/Course/ESE615/Project/install/mpc/share/mpc/environment/path.dsv
-- Up-to-date symlink: /home/sun/Documents/Course/ESE615/Project/install/mpc/share/mpc/local_setup.bash
-- Up-to-date symlink: /home/sun/Documents/Course/ESE615/Project/install/mpc/share/mpc/local_setup.sh
-- Up-to-date symlink: /home/sun/Documents/Course/ESE615/Project/install/mpc/share/mpc/local_setup.zsh
-- Up-to-date symlink: /home/sun/Documents/Course/ESE615/Project/install/mpc/share/mpc/local_setup.dsv
-- Symlinking: /home/sun/Documents/Course/ESE615/Project/install/mpc/share/mpc/package.dsv
-- Up-to-date symlink: /home/sun/Documents/Course/ESE615/Project/install/mpc/share/ament_index/resource_index/packages/mpc
-- Up-to-date symlink: /home/sun/Documents/Course/ESE615/Project/install/mpc/share/mpc/cmake/mpcConfig.cmake
-- Up-to-date symlink: /home/sun/Documents/Course/ESE615/Project/install/mpc/share/mpc/cmake/mpcConfig-version.cmake
-- Up-to-date symlink: /home/sun/Documents/Course/ESE615/Project/install/mpc/share/mpc/package.xml
Listing '/home/sun/Documents/Course/ESE615/Project/install/mpc/lib/python3.8/site-packages/mpc'...
Compiling '/home/sun/Documents/Course/ESE615/Project/install/mpc/lib/python3.8/site-packages/mpc/mpc_class.py'...
