[100%] Built target opponent_predictor_node
-- Install configuration: ""
-- Execute custom install script
-- Up-to-date symlink: /home/sun/Documents/Course/ESE615/Project/install/opponent_predictor/lib/opponent_predictor/opponent_predictor_node
-- Up-to-date symlink: /home/sun/Documents/Course/ESE615/Project/install/opponent_predictor/share/opponent_predictor/environment/pythonpath.sh
-- Up-to-date symlink: /home/sun/Documents/Course/ESE615/Project/install/opponent_predictor/share/opponent_predictor/environment/pythonpath.dsv
-- Up-to-date symlink: /home/sun/Documents/Course/ESE615/Project/install/opponent_predictor/lib/python3.8/site-packages/opponent_predictor/__init__.py
-- Up-to-date symlink: /home/sun/Documents/Course/ESE615/Project/install/opponent_predictor/lib/opponent_predictor/opponent_predictor_node.py
-- Up-to-date symlink: /home/sun/Documents/Course/ESE615/Project/install/opponent_predictor/share/opponent_predictor/launch/opponent_predictor_launch.py
-- Up-to-date symlink: /home/sun/Documents/Course/ESE615/Project/install/opponent_predictor/share/ament_index/resource_index/package_run_dependencies/opponent_predictor
-- Up-to-date symlink: /home/sun/Documents/Course/ESE615/Project/install/opponent_predictor/share/ament_index/resource_index/parent_prefix_path/opponent_predictor
-- Up-to-date symlink: /home/sun/Documents/Course/ESE615/Project/install/opponent_predictor/share/opponent_predictor/environment/ament_prefix_path.sh
-- Up-to-date symlink: /home/sun/Documents/Course/ESE615/Project/install/opponent_predictor/share/opponent_predictor/environment/ament_prefix_path.dsv
-- Up-to-date symlink: /home/sun/Documents/Course/ESE615/Project/install/opponent_predictor/share/opponent_predictor/environment/path.sh
-- Up-to-date symlink: /home/sun/Documents/Course/ESE615/Project/install/opponent_predictor/share/opponent_predictor/environment/path.dsv
-- Up-to-date symlink: /home/sun/Documents/Course/ESE615/Project/install/opponent_predictor/share/opponent_predictor/local_setup.bash
-- Up-to-date symlink: /home/sun/Documents/Course/ESE615/Project/install/opponent_predictor/share/opponent_predictor/local_setup.sh
-- Up-to-date symlink: /home/sun/Documents/Course/ESE615/Project/install/opponent_predictor/share/opponent_predictor/local_setup.zsh
-- Up-to-date symlink: /home/sun/Documents/Course/ESE615/Project/install/opponent_predictor/share/opponent_predictor/local_setup.dsv
-- Symlinking: /home/sun/Documents/Course/ESE615/Project/install/opponent_predictor/share/opponent_predictor/package.dsv
-- Up-to-date symlink: /home/sun/Documents/Course/ESE615/Project/install/opponent_predictor/share/ament_index/resource_index/packages/opponent_predictor
-- Up-to-date symlink: /home/sun/Documents/Course/ESE615/Project/install/opponent_predictor/share/opponent_predictor/cmake/opponent_predictorConfig.cmake
-- Up-to-date symlink: /home/sun/Documents/Course/ESE615/Project/install/opponent_predictor/share/opponent_predictor/cmake/opponent_predictorConfig-version.cmake
-- Up-to-date symlink: /home/sun/Documents/Course/ESE615/Project/install/opponent_predictor/share/opponent_predictor/package.xml
Listing '/home/sun/Documents/Course/ESE615/Project/install/opponent_predictor/lib/python3.8/site-packages/opponent_predictor'...
