[0.019s] Invoking command in '/home/sun/Documents/Course/ESE615/Project/build/pure_pursuit': CMAKE_PREFIX_PATH=${CMAKE_PREFIX_PATH}:/opt/ros/foxy /usr/bin/cmake /home/sun/Documents/Course/ESE615/Project/src/pure_pursuit -DCMAKE_EXPORT_COMPILE_COMMANDS=ON -DAMENT_CMAKE_SYMLINK_INSTALL=1 -DCMAKE_INSTALL_PREFIX=/home/sun/Documents/Course/ESE615/Project/install/pure_pursuit
[0.095s] -- The C compiler identification is GNU 9.4.0
[0.137s] -- The CXX compiler identification is GNU 9.4.0
[0.141s] -- Check for working C compiler: /usr/bin/cc
[0.198s] -- Check for working C compiler: /usr/bin/cc -- works
[0.199s] -- Detecting C compiler ABI info
[0.253s] -- Detecting C compiler ABI info - done
[0.262s] -- Detecting C compile features
[0.262s] -- Detecting C compile features - done
[0.264s] -- Check for working CXX compiler: /usr/bin/c++
[0.324s] -- Check for working CXX compiler: /usr/bin/c++ -- works
[0.324s] -- Detecting CXX compiler ABI info
[0.409s] -- Detecting CXX compiler ABI info - done
[0.418s] -- Detecting CXX compile features
[0.418s] -- Detecting CXX compile features - done
[0.419s] -- Found ament_cmake: 0.9.9 (/opt/ros/foxy/share/ament_cmake/cmake)
[0.441s] -- Found PythonInterp: /usr/bin/python3 (found suitable version "3.8.10", minimum required is "3") 
[0.441s] -- Using PYTHON_EXECUTABLE: /usr/bin/python3
[0.632s] -- Override CMake install command with custom implementation using symlinks instead of copying resources
[0.647s] -- Found rclcpp: 2.4.1 (/opt/ros/foxy/share/rclcpp/cmake)
[0.678s] -- Using all available rosidl_typesupport_c: rosidl_typesupport_fastrtps_c;rosidl_typesupport_introspection_c
[0.683s] -- Found rosidl_adapter: 1.2.1 (/opt/ros/foxy/share/rosidl_adapter/cmake)
[0.738s] -- Found OpenSSL: /usr/lib/x86_64-linux-gnu/libcrypto.so (found version "1.1.1f")  
[0.760s] -- Found FastRTPS: /opt/ros/foxy/include  
[0.820s] -- Using all available rosidl_typesupport_cpp: rosidl_typesupport_fastrtps_cpp;rosidl_typesupport_introspection_cpp
[0.863s] -- Found rmw_implementation_cmake: 1.0.3 (/opt/ros/foxy/share/rmw_implementation_cmake/cmake)
[0.864s] -- Using RMW implementation 'rmw_fastrtps_cpp' as default
[0.865s] -- Looking for pthread.h
[0.929s] -- Looking for pthread.h - found
[0.929s] -- Performing Test CMAKE_HAVE_LIBC_PTHREAD
[0.992s] -- Performing Test CMAKE_HAVE_LIBC_PTHREAD - Failed
[0.997s] -- Looking for pthread_create in pthreads
[1.039s] -- Looking for pthread_create in pthreads - not found
[1.040s] -- Looking for pthread_create in pthread
[1.109s] -- Looking for pthread_create in pthread - found
[1.109s] -- Found Threads: TRUE  
[1.214s] -- Found rclpy: 1.0.8 (/opt/ros/foxy/share/rclpy/cmake)
[1.215s] -- Found geometry_msgs: 2.0.5 (/opt/ros/foxy/share/geometry_msgs/cmake)
[1.242s] -- Found nav_msgs: 2.0.5 (/opt/ros/foxy/share/nav_msgs/cmake)
[1.299s] -- Found ackermann_msgs: 2.0.2 (/opt/ros/foxy/share/ackermann_msgs/cmake)
[1.326s] -- Found sensor_msgs: 2.0.5 (/opt/ros/foxy/share/sensor_msgs/cmake)
[1.383s] -- Found visualization_msgs: 2.0.5 (/opt/ros/foxy/share/visualization_msgs/cmake)
[1.444s] -- Found tf2_ros: 0.13.13 (/opt/ros/foxy/share/tf2_ros/cmake)
[1.967s] -- Found ament_lint_auto: 0.9.6 (/opt/ros/foxy/share/ament_lint_auto/cmake)
[2.070s] -- Added test 'copyright' to check source files copyright and LICENSE
[2.072s] -- Added test 'cppcheck' to perform static code analysis on C / C++ code
[2.072s] -- Configured cppcheck include dirs: /home/sun/Documents/Course/ESE615/Project/src/pure_pursuit/include
[2.072s] -- Configured cppcheck exclude dirs and/or files: 
[2.074s] -- Added test 'cpplint' to check C / C++ code against the Google style
[2.074s] -- Configured cpplint exclude dirs and/or files: 
[2.075s] -- Added test 'flake8' to check Python code syntax and style conventions
[2.075s] -- Added test 'lint_cmake' to check CMake code style
[2.076s] -- Added test 'pep257' to check Python code against some of the style conventions in PEP 257
[2.078s] -- Added test 'uncrustify' to check C / C++ code style
[2.078s] -- Configured uncrustify additional arguments: 
[2.078s] -- Added test 'xmllint' to check XML markup files
[2.081s] -- Configuring done
[2.094s] -- Generating done
[2.096s] -- Build files have been written to: /home/sun/Documents/Course/ESE615/Project/build/pure_pursuit
[2.112s] Invoked command in '/home/sun/Documents/Course/ESE615/Project/build/pure_pursuit' returned '0': CMAKE_PREFIX_PATH=${CMAKE_PREFIX_PATH}:/opt/ros/foxy /usr/bin/cmake /home/sun/Documents/Course/ESE615/Project/src/pure_pursuit -DCMAKE_EXPORT_COMPILE_COMMANDS=ON -DAMENT_CMAKE_SYMLINK_INSTALL=1 -DCMAKE_INSTALL_PREFIX=/home/sun/Documents/Course/ESE615/Project/install/pure_pursuit
[2.112s] Invoking command in '/home/sun/Documents/Course/ESE615/Project/build/pure_pursuit': CMAKE_PREFIX_PATH=${CMAKE_PREFIX_PATH}:/opt/ros/foxy /usr/bin/cmake --build /home/sun/Documents/Course/ESE615/Project/build/pure_pursuit -- -j8 -l8
[2.149s] [35m[1mScanning dependencies of target pure_pursuit_node[0m
[2.175s] [ 50%] [32mBuilding CXX object CMakeFiles/pure_pursuit_node.dir/src/pure_pursuit_node.cpp.o[0m
[3.366s] [01m[K/home/sun/Documents/Course/ESE615/Project/src/pure_pursuit/src/pure_pursuit_node.cpp:32:81:[m[K [01;35m[Kwarning: [m[K‘[01m[Kgeometry_msgs::msg::PoseStamped_<std::allocator<void> >::ConstPtr[m[K’ is deprecated [[01;35m[K-Wdeprecated-declarations[m[K]
[3.366s]    32 |     void pose_callback(const geometry_msgs::msg::PoseStamped::ConstPtr &pose_msg[01;35m[K)[m[K
[3.366s]       |                                                                                 [01;35m[K^[m[K
[3.367s] In file included from [01m[K/opt/ros/foxy/include/geometry_msgs/msg/pose_stamped.hpp:7[m[K,
[3.367s]                  from [01m[K/home/sun/Documents/Course/ESE615/Project/src/pure_pursuit/src/pure_pursuit_node.cpp:10[m[K:
[3.367s] [01m[K/opt/ros/foxy/include/geometry_msgs/msg/detail/pose_stamped__struct.hpp:114:5:[m[K [01;36m[Knote: [m[Kdeclared here
[3.367s]   114 |     [01;36m[KConstPtr[m[K;
[3.367s]       |     [01;36m[K^~~~~~~~[m[K
[3.367s] [01m[K/home/sun/Documents/Course/ESE615/Project/src/pure_pursuit/src/pure_pursuit_node.cpp:[m[K In member function ‘[01m[Kvoid PurePursuit::pose_callback(const ConstPtr&)[m[K’:
[3.367s] [01m[K/home/sun/Documents/Course/ESE615/Project/src/pure_pursuit/src/pure_pursuit_node.cpp:32:73:[m[K [01;35m[Kwarning: [m[Kunused parameter ‘[01m[Kpose_msg[m[K’ [[01;35m[K-Wunused-parameter[m[K]
[3.367s]    32 |     void pose_callback([01;35m[Kconst geometry_msgs::msg::PoseStamped::ConstPtr &pose_msg[m[K)
[3.367s]       |                        [01;35m[K~~~~~~~~~~~~~~~~~~~~~~~~~~~~~~~~~~~~~~~~~~~~~~~~~^~~~~~~~[m[K
[3.840s] [100%] [32m[1mLinking CXX executable pure_pursuit_node[0m
[3.934s] [100%] Built target pure_pursuit_node
[3.943s] Invoked command in '/home/sun/Documents/Course/ESE615/Project/build/pure_pursuit' returned '0': CMAKE_PREFIX_PATH=${CMAKE_PREFIX_PATH}:/opt/ros/foxy /usr/bin/cmake --build /home/sun/Documents/Course/ESE615/Project/build/pure_pursuit -- -j8 -l8
[3.961s] Invoking command in '/home/sun/Documents/Course/ESE615/Project/build/pure_pursuit': CMAKE_PREFIX_PATH=${CMAKE_PREFIX_PATH}:/opt/ros/foxy /usr/bin/cmake --install /home/sun/Documents/Course/ESE615/Project/build/pure_pursuit
[3.969s] -- Install configuration: ""
[3.969s] -- Execute custom install script
[3.969s] -- Symlinking: /home/sun/Documents/Course/ESE615/Project/install/pure_pursuit/lib/pure_pursuit/pure_pursuit_node
[3.977s] -- Symlinking: /home/sun/Documents/Course/ESE615/Project/install/pure_pursuit/share/pure_pursuit/environment/pythonpath.sh
[3.983s] -- Symlinking: /home/sun/Documents/Course/ESE615/Project/install/pure_pursuit/share/pure_pursuit/environment/pythonpath.dsv
[3.991s] -- Symlinking: /home/sun/Documents/Course/ESE615/Project/install/pure_pursuit/lib/python3.8/site-packages/pure_pursuit/__init__.py
[3.998s] -- Symlinking: /home/sun/Documents/Course/ESE615/Project/install/pure_pursuit/lib/pure_pursuit/pure_pursuit_node.py
[4.005s] -- Symlinking: /home/sun/Documents/Course/ESE615/Project/install/pure_pursuit/share/ament_index/resource_index/package_run_dependencies/pure_pursuit
[4.012s] -- Symlinking: /home/sun/Documents/Course/ESE615/Project/install/pure_pursuit/share/ament_index/resource_index/parent_prefix_path/pure_pursuit
[4.019s] -- Symlinking: /home/sun/Documents/Course/ESE615/Project/install/pure_pursuit/share/pure_pursuit/environment/ament_prefix_path.sh
[4.027s] -- Symlinking: /home/sun/Documents/Course/ESE615/Project/install/pure_pursuit/share/pure_pursuit/environment/ament_prefix_path.dsv
[4.034s] -- Symlinking: /home/sun/Documents/Course/ESE615/Project/install/pure_pursuit/share/pure_pursuit/environment/path.sh
[4.041s] -- Symlinking: /home/sun/Documents/Course/ESE615/Project/install/pure_pursuit/share/pure_pursuit/environment/path.dsv
[4.048s] -- Symlinking: /home/sun/Documents/Course/ESE615/Project/install/pure_pursuit/share/pure_pursuit/local_setup.bash
[4.055s] -- Symlinking: /home/sun/Documents/Course/ESE615/Project/install/pure_pursuit/share/pure_pursuit/local_setup.sh
[4.063s] -- Symlinking: /home/sun/Documents/Course/ESE615/Project/install/pure_pursuit/share/pure_pursuit/local_setup.zsh
[4.070s] -- Symlinking: /home/sun/Documents/Course/ESE615/Project/install/pure_pursuit/share/pure_pursuit/local_setup.dsv
[4.077s] -- Symlinking: /home/sun/Documents/Course/ESE615/Project/install/pure_pursuit/share/pure_pursuit/package.dsv
[4.083s] -- Symlinking: /home/sun/Documents/Course/ESE615/Project/install/pure_pursuit/share/ament_index/resource_index/packages/pure_pursuit
[4.091s] -- Symlinking: /home/sun/Documents/Course/ESE615/Project/install/pure_pursuit/share/pure_pursuit/cmake/pure_pursuitConfig.cmake
[4.098s] -- Symlinking: /home/sun/Documents/Course/ESE615/Project/install/pure_pursuit/share/pure_pursuit/cmake/pure_pursuitConfig-version.cmake
[4.105s] -- Symlinking: /home/sun/Documents/Course/ESE615/Project/install/pure_pursuit/share/pure_pursuit/package.xml
[4.138s] Listing '/home/sun/Documents/Course/ESE615/Project/install/pure_pursuit/lib/python3.8/site-packages/pure_pursuit'...
[4.138s] Compiling '/home/sun/Documents/Course/ESE615/Project/install/pure_pursuit/lib/python3.8/site-packages/pure_pursuit/__init__.py'...
[4.143s] Invoked command in '/home/sun/Documents/Course/ESE615/Project/build/pure_pursuit' returned '0': CMAKE_PREFIX_PATH=${CMAKE_PREFIX_PATH}:/opt/ros/foxy /usr/bin/cmake --install /home/sun/Documents/Course/ESE615/Project/build/pure_pursuit
